+-----------------+-------------------------+
|    Parameter    |          Value          |
+=================+=========================+
| Batch size      | 128                     |
+-----------------+-------------------------+
| Dataset         | NCI1                    |
+-----------------+-------------------------+
| Dropout ratio   | 0.5                     |
+-----------------+-------------------------+
| Epochs          | 10000                   |
+-----------------+-------------------------+
| Exp name        | NCI1_Hie                |
+-----------------+-------------------------+
| Gpu index       | 0                       |
+-----------------+-------------------------+
| Hid             | 128                     |
+-----------------+-------------------------+
| Lr              | 0.0005                  |
+-----------------+-------------------------+
| Model           | ASAPooling_Hierarchical |
+-----------------+-------------------------+
| Patience        | 40                      |
+-----------------+-------------------------+
| Pooling ratio   | 0.5                     |
+-----------------+-------------------------+
| Seed            | 16                      |
+-----------------+-------------------------+
| Test batch size | 1                       |
+-----------------+-------------------------+
| Weight decay    | 0.0001                  |
+-----------------+-------------------------+
Using GPU: 0
ASAPooling_Hierarchical(
  (conv1): GCNConv(37, 128)
  (conv2): GCNConv(128, 128)
  (conv3): GCNConv(128, 128)
  (pool): ASAPooling(128, ratio=0.5)
  (lin1): Linear(in_features=256, out_features=128, bias=True)
  (lin2): Linear(in_features=128, out_features=64, bias=True)
  (classifier): Linear(in_features=64, out_features=2, bias=True)
)
Model Parameter: 112838
Using Adam

Epoch #000, Train_Loss: [0.6966, 0.7053, 0.6938, 0.6995, 0.6945, 0.6916, 0.7001, 0.6931, 0.6890, 0.6931, 0.6976, 0.6929, 0.6964, 0.6887, 0.6911, 0.6892, 0.6973, 0.6899, 0.6913, 0.6920, 0.6926, 0.6977, 0.6926, 0.6919, 0.6910, 0.6921]
Val_Loss: 0.692674, Val_Acc: 0.525547
The current best model is saved in: ******** outputs/NCI1_Hie/model.pth *********

Epoch #001, Train_Loss: [0.6906, 0.6909, 0.6912, 0.6922, 0.6924, 0.6938, 0.6892, 0.6907, 0.6943, 0.6917, 0.6917, 0.6886, 0.6945, 0.6911, 0.6906, 0.6869, 0.6935, 0.6896, 0.6913, 0.6858, 0.6935, 0.6932, 0.6967, 0.6937, 0.6901, 0.6947]
Val_Loss: 0.690116, Val_Acc: 0.588808
The current best model is saved in: ******** outputs/NCI1_Hie/model.pth *********

Epoch #002, Train_Loss: [0.6897, 0.6900, 0.6901, 0.6898, 0.6849, 0.6927, 0.6888, 0.6891, 0.6913, 0.6865, 0.6878, 0.6884, 0.6906, 0.6914, 0.6867, 0.6932, 0.6869, 0.6908, 0.6849, 0.6847, 0.6821, 0.6906, 0.6836, 0.6851, 0.6881, 0.6893]
Val_Loss: 0.683880, Val_Acc: 0.581509
The current best model is saved in: ******** outputs/NCI1_Hie/model.pth *********

Epoch #003, Train_Loss: [0.6889, 0.6848, 0.6875, 0.6815, 0.6745, 0.6807, 0.6848, 0.6718, 0.6823, 0.6742, 0.6852, 0.6681, 0.6884, 0.6805, 0.6720, 0.6788, 0.6690, 0.6704, 0.6762, 0.6581, 0.6682, 0.6754, 0.6693, 0.6407, 0.6858, 0.6641]
Val_Loss: 0.676099, Val_Acc: 0.586375
The current best model is saved in: ******** outputs/NCI1_Hie/model.pth *********

Epoch #004, Train_Loss: [0.6778, 0.6681, 0.6724, 0.6603, 0.6521, 0.6777, 0.6567, 0.6530, 0.6543, 0.6551, 0.6732, 0.6569, 0.6557, 0.6782, 0.6746, 0.6949, 0.6665, 0.6371, 0.6575, 0.6631, 0.6985, 0.6596, 0.6937, 0.6279, 0.6285, 0.6267]
Val_Loss: 0.664566, Val_Acc: 0.608273
The current best model is saved in: ******** outputs/NCI1_Hie/model.pth *********

Epoch #005, Train_Loss: [0.6547, 0.6762, 0.6693, 0.6896, 0.6414, 0.6953, 0.6456, 0.6579, 0.6497, 0.6703, 0.6838, 0.6690, 0.6696, 0.6672, 0.6331, 0.6665, 0.6132, 0.6862, 0.6555, 0.6421, 0.6376, 0.6360, 0.6541, 0.6671, 0.6334, 0.6530]
Val_Loss: 0.664733, Val_Acc: 0.618005

Epoch #006, Train_Loss: [0.6727, 0.6564, 0.6557, 0.6642, 0.6567, 0.6013, 0.6511, 0.6771, 0.6832, 0.6111, 0.6515, 0.6739, 0.6414, 0.6570, 0.6286, 0.6448, 0.6330, 0.6549, 0.6418, 0.6355, 0.6524, 0.6593, 0.6546, 0.6479, 0.6947, 0.6776]
Val_Loss: 0.659558, Val_Acc: 0.618005
The current best model is saved in: ******** outputs/NCI1_Hie/model.pth *********

Epoch #007, Train_Loss: [0.6222, 0.6701, 0.6419, 0.6684, 0.6072, 0.6578, 0.6707, 0.6610, 0.6742, 0.6246, 0.6559, 0.6509, 0.6428, 0.6427, 0.6414, 0.6918, 0.6713, 0.6540, 0.6577, 0.6525, 0.6197, 0.6640, 0.6333, 0.6224, 0.6095, 0.6380]
Val_Loss: 0.660420, Val_Acc: 0.608273

Epoch #008, Train_Loss: [0.6342, 0.6321, 0.6719, 0.6752, 0.6149, 0.6471, 0.6710, 0.6415, 0.6681, 0.6635, 0.6738, 0.6530, 0.6278, 0.6282, 0.6709, 0.6804, 0.6501, 0.6826, 0.6652, 0.6506, 0.6172, 0.6396, 0.6689, 0.6135, 0.6047, 0.6878]
Val_Loss: 0.657821, Val_Acc: 0.613139
The current best model is saved in: ******** outputs/NCI1_Hie/model.pth *********

Epoch #009, Train_Loss: [0.6370, 0.6237, 0.6273, 0.6258, 0.6394, 0.6593, 0.6370, 0.6254, 0.5953, 0.6407, 0.6215, 0.6624, 0.6499, 0.6185, 0.6820, 0.6420, 0.6594, 0.6333, 0.6609, 0.6619, 0.6391, 0.6494, 0.6309, 0.6716, 0.6716, 0.6064]
Val_Loss: 0.663303, Val_Acc: 0.608273

Epoch #010, Train_Loss: [0.6428, 0.6193, 0.6931, 0.6778, 0.6393, 0.6750, 0.6619, 0.6481, 0.6115, 0.6409, 0.6472, 0.6663, 0.6079, 0.6761, 0.6576, 0.6088, 0.6447, 0.6488, 0.5917, 0.6303, 0.5676, 0.7050, 0.5808, 0.5822, 0.6544, 0.6664]
Val_Loss: 0.656526, Val_Acc: 0.615572
The current best model is saved in: ******** outputs/NCI1_Hie/model.pth *********

Epoch #011, Train_Loss: [0.6231, 0.6489, 0.6182, 0.5887, 0.6568, 0.6514, 0.6091, 0.5934, 0.6003, 0.6390, 0.6038, 0.6716, 0.5959, 0.6364, 0.6902, 0.6921, 0.7224, 0.6084, 0.6466, 0.6203, 0.6723, 0.6440, 0.6786, 0.6133, 0.6045, 0.5942]
Val_Loss: 0.650822, Val_Acc: 0.610706
The current best model is saved in: ******** outputs/NCI1_Hie/model.pth *********

Epoch #012, Train_Loss: [0.6477, 0.7027, 0.6204, 0.6914, 0.6204, 0.6454, 0.6385, 0.6075, 0.6351, 0.6289, 0.5996, 0.6092, 0.6087, 0.6132, 0.6547, 0.5982, 0.6245, 0.6471, 0.6848, 0.6081, 0.6539, 0.5960, 0.6161, 0.6580, 0.6131, 0.6487]
Val_Loss: 0.653864, Val_Acc: 0.622871

Epoch #013, Train_Loss: [0.6467, 0.5677, 0.6346, 0.6264, 0.6553, 0.6054, 0.6365, 0.6467, 0.6436, 0.5933, 0.6069, 0.6313, 0.6607, 0.6354, 0.6122, 0.6340, 0.6174, 0.6327, 0.6914, 0.6258, 0.6202, 0.6631, 0.6458, 0.5925, 0.6300, 0.6518]
Val_Loss: 0.645084, Val_Acc: 0.632603
The current best model is saved in: ******** outputs/NCI1_Hie/model.pth *********

Epoch #014, Train_Loss: [0.6479, 0.6159, 0.5940, 0.6072, 0.6434, 0.6063, 0.5863, 0.6246, 0.6033, 0.6059, 0.6414, 0.6505, 0.5913, 0.5802, 0.7125, 0.6423, 0.6680, 0.6062, 0.6383, 0.6572, 0.6504, 0.6457, 0.5935, 0.6112, 0.5883, 0.6555]
Val_Loss: 0.640520, Val_Acc: 0.637470
The current best model is saved in: ******** outputs/NCI1_Hie/model.pth *********

Epoch #015, Train_Loss: [0.6256, 0.6413, 0.6568, 0.6271, 0.6590, 0.6056, 0.5916, 0.5846, 0.5882, 0.6502, 0.6181, 0.5975, 0.6648, 0.6743, 0.6045, 0.6315, 0.6534, 0.6171, 0.6139, 0.6044, 0.6285, 0.6204, 0.6200, 0.6155, 0.6303, 0.6133]
Val_Loss: 0.634303, Val_Acc: 0.632603
The current best model is saved in: ******** outputs/NCI1_Hie/model.pth *********

Epoch #016, Train_Loss: [0.6676, 0.6075, 0.6154, 0.6275, 0.5803, 0.5794, 0.5957, 0.6430, 0.6126, 0.6058, 0.6333, 0.6350, 0.6018, 0.5956, 0.6673, 0.6202, 0.6853, 0.6041, 0.6337, 0.6446, 0.5589, 0.6279, 0.6142, 0.6193, 0.6037, 0.6391]
Val_Loss: 0.639637, Val_Acc: 0.635036

Epoch #017, Train_Loss: [0.6078, 0.5936, 0.6161, 0.6016, 0.6424, 0.6040, 0.6294, 0.6581, 0.6307, 0.6230, 0.6450, 0.6271, 0.5703, 0.6278, 0.5913, 0.6148, 0.5615, 0.6297, 0.6340, 0.5962, 0.6069, 0.6086, 0.5526, 0.6227, 0.6354, 0.6091]
Val_Loss: 0.631349, Val_Acc: 0.642336
The current best model is saved in: ******** outputs/NCI1_Hie/model.pth *********

Epoch #018, Train_Loss: [0.6298, 0.5928, 0.5898, 0.6055, 0.5919, 0.6025, 0.6288, 0.5689, 0.5914, 0.6089, 0.5998, 0.5930, 0.6164, 0.7020, 0.6118, 0.5704, 0.5875, 0.6428, 0.5655, 0.6067, 0.6183, 0.6285, 0.6414, 0.6605, 0.5659, 0.5658]
Val_Loss: 0.626684, Val_Acc: 0.644769
The current best model is saved in: ******** outputs/NCI1_Hie/model.pth *********

Epoch #019, Train_Loss: [0.5839, 0.6247, 0.5927, 0.6512, 0.5702, 0.6171, 0.6256, 0.6240, 0.5617, 0.5605, 0.5957, 0.6011, 0.5868, 0.5647, 0.6547, 0.6627, 0.5964, 0.6428, 0.6435, 0.6194, 0.5937, 0.5861, 0.6395, 0.6327, 0.6175, 0.5456]
Val_Loss: 0.648091, Val_Acc: 0.652068

Epoch #020, Train_Loss: [0.6442, 0.6137, 0.5829, 0.5849, 0.5881, 0.6865, 0.6390, 0.6327, 0.6295, 0.6405, 0.5694, 0.6121, 0.5556, 0.7250, 0.6750, 0.5838, 0.6099, 0.6406, 0.6135, 0.6191, 0.6372, 0.6412, 0.6913, 0.6331, 0.6367, 0.5797]
Val_Loss: 0.631646, Val_Acc: 0.642336

Epoch #021, Train_Loss: [0.6256, 0.6561, 0.6187, 0.6415, 0.6471, 0.6229, 0.6230, 0.6200, 0.5696, 0.6259, 0.6427, 0.6253, 0.6071, 0.6152, 0.6390, 0.6503, 0.6167, 0.6452, 0.6214, 0.6428, 0.6189, 0.6083, 0.5564, 0.6409, 0.5696, 0.5693]
Val_Loss: 0.629512, Val_Acc: 0.647202

Epoch #022, Train_Loss: [0.6028, 0.6771, 0.6390, 0.6457, 0.5683, 0.5949, 0.6212, 0.5983, 0.5676, 0.5861, 0.6009, 0.6139, 0.5784, 0.6597, 0.5743, 0.6039, 0.5670, 0.6072, 0.6184, 0.6149, 0.6152, 0.5776, 0.5944, 0.6131, 0.6104, 0.6348]
Val_Loss: 0.633217, Val_Acc: 0.649635

Epoch #023, Train_Loss: [0.5970, 0.5604, 0.5705, 0.5747, 0.6142, 0.5584, 0.6216, 0.6171, 0.6275, 0.6433, 0.6379, 0.6701, 0.6350, 0.5720, 0.6169, 0.5235, 0.5955, 0.5587, 0.5896, 0.6107, 0.6451, 0.6048, 0.6658, 0.5998, 0.5977, 0.5974]
Val_Loss: 0.630186, Val_Acc: 0.654501

Epoch #024, Train_Loss: [0.6342, 0.6451, 0.5950, 0.5844, 0.5940, 0.5845, 0.6316, 0.6389, 0.5726, 0.6517, 0.5476, 0.5865, 0.6031, 0.5844, 0.5981, 0.6145, 0.6551, 0.6252, 0.5642, 0.5809, 0.5510, 0.6010, 0.6554, 0.6260, 0.5893, 0.5584]
Val_Loss: 0.636165, Val_Acc: 0.630170

Epoch #025, Train_Loss: [0.5736, 0.6126, 0.6424, 0.5993, 0.5397, 0.5843, 0.6223, 0.6085, 0.6218, 0.5449, 0.5662, 0.5899, 0.6520, 0.5754, 0.5558, 0.6327, 0.5511, 0.6018, 0.6181, 0.5549, 0.6539, 0.5682, 0.6339, 0.6204, 0.6166, 0.5660]
Val_Loss: 0.635155, Val_Acc: 0.630170

Epoch #026, Train_Loss: [0.6590, 0.6207, 0.5693, 0.5917, 0.6355, 0.6282, 0.5718, 0.6406, 0.5645, 0.5827, 0.5978, 0.5381, 0.6347, 0.5461, 0.5963, 0.5838, 0.6317, 0.6312, 0.6382, 0.6321, 0.5488, 0.6152, 0.6600, 0.5634, 0.6098, 0.5169]
Val_Loss: 0.628372, Val_Acc: 0.652068

Epoch #027, Train_Loss: [0.5287, 0.5896, 0.5717, 0.6120, 0.6393, 0.6785, 0.5840, 0.5689, 0.5854, 0.5664, 0.5895, 0.6649, 0.6200, 0.5812, 0.6687, 0.5998, 0.5754, 0.6074, 0.6239, 0.5970, 0.5502, 0.6339, 0.6330, 0.6264, 0.5646, 0.5835]
Val_Loss: 0.617206, Val_Acc: 0.661800
The current best model is saved in: ******** outputs/NCI1_Hie/model.pth *********

Epoch #028, Train_Loss: [0.6091, 0.5889, 0.5786, 0.5778, 0.6431, 0.5632, 0.6411, 0.6440, 0.5558, 0.6123, 0.5401, 0.5870, 0.6271, 0.5705, 0.5687, 0.6698, 0.5736, 0.5975, 0.6424, 0.5369, 0.5815, 0.6055, 0.5968, 0.6100, 0.5667, 0.5978]
Val_Loss: 0.630123, Val_Acc: 0.644769

Epoch #029, Train_Loss: [0.5852, 0.5934, 0.5952, 0.6337, 0.6094, 0.5749, 0.6261, 0.6030, 0.6361, 0.5693, 0.5973, 0.5915, 0.5606, 0.6274, 0.6040, 0.6144, 0.5886, 0.5869, 0.6378, 0.5486, 0.5662, 0.6408, 0.5883, 0.5678, 0.6041, 0.5650]
Val_Loss: 0.625542, Val_Acc: 0.649635

Epoch #030, Train_Loss: [0.5327, 0.6470, 0.5526, 0.6130, 0.5850, 0.5671, 0.6078, 0.5913, 0.6230, 0.6207, 0.5691, 0.5480, 0.5566, 0.5583, 0.6673, 0.5255, 0.6161, 0.6305, 0.6218, 0.6454, 0.6027, 0.5839, 0.6359, 0.6268, 0.6221, 0.5918]
Val_Loss: 0.636617, Val_Acc: 0.632603

Epoch #031, Train_Loss: [0.6082, 0.6062, 0.6373, 0.5819, 0.6406, 0.6185, 0.5827, 0.5965, 0.6181, 0.5877, 0.5852, 0.5940, 0.6090, 0.6410, 0.5377, 0.5979, 0.5764, 0.5704, 0.5614, 0.6022, 0.5388, 0.5928, 0.5986, 0.6392, 0.5839, 0.6614]
Val_Loss: 0.632410, Val_Acc: 0.652068

Epoch #032, Train_Loss: [0.6392, 0.5709, 0.5964, 0.5815, 0.6136, 0.6028, 0.6854, 0.6650, 0.5883, 0.5675, 0.5859, 0.6193, 0.6035, 0.5772, 0.6286, 0.6024, 0.6595, 0.5893, 0.5608, 0.5964, 0.6685, 0.6455, 0.5987, 0.5470, 0.5834, 0.5993]
Val_Loss: 0.628318, Val_Acc: 0.649635

Epoch #033, Train_Loss: [0.6291, 0.6618, 0.5913, 0.6283, 0.5766, 0.6024, 0.5775, 0.5725, 0.6176, 0.5785, 0.6107, 0.6009, 0.6389, 0.5559, 0.6180, 0.6069, 0.6120, 0.6634, 0.5799, 0.5875, 0.5889, 0.5961, 0.5717, 0.5966, 0.5973, 0.5558]
Val_Loss: 0.616410, Val_Acc: 0.642336
The current best model is saved in: ******** outputs/NCI1_Hie/model.pth *********

Epoch #034, Train_Loss: [0.5877, 0.6497, 0.5573, 0.6329, 0.5594, 0.6002, 0.6266, 0.5753, 0.6493, 0.5867, 0.6053, 0.5823, 0.5882, 0.5437, 0.5736, 0.5798, 0.5280, 0.5167, 0.6237, 0.6204, 0.6026, 0.6188, 0.5539, 0.5830, 0.6296, 0.6496]
Val_Loss: 0.616233, Val_Acc: 0.649635
The current best model is saved in: ******** outputs/NCI1_Hie/model.pth *********

Epoch #035, Train_Loss: [0.6215, 0.5831, 0.6209, 0.6026, 0.5707, 0.6063, 0.5653, 0.5853, 0.6114, 0.5642, 0.5594, 0.6005, 0.5657, 0.5715, 0.5858, 0.5722, 0.5646, 0.6735, 0.6341, 0.5460, 0.5779, 0.6138, 0.5875, 0.5420, 0.5866, 0.6188]
Val_Loss: 0.614507, Val_Acc: 0.661800
The current best model is saved in: ******** outputs/NCI1_Hie/model.pth *********

Epoch #036, Train_Loss: [0.6088, 0.5213, 0.5679, 0.5833, 0.6090, 0.6019, 0.5323, 0.6408, 0.5954, 0.5827, 0.5680, 0.5307, 0.6067, 0.6556, 0.6202, 0.5685, 0.6356, 0.5338, 0.5807, 0.5640, 0.5854, 0.6137, 0.5628, 0.6648, 0.5518, 0.5619]
Val_Loss: 0.608855, Val_Acc: 0.649635
The current best model is saved in: ******** outputs/NCI1_Hie/model.pth *********

Epoch #037, Train_Loss: [0.6300, 0.6093, 0.6377, 0.5294, 0.5400, 0.5840, 0.5382, 0.5670, 0.5852, 0.5119, 0.6122, 0.6116, 0.5478, 0.6020, 0.5669, 0.5783, 0.5708, 0.5561, 0.7035, 0.5437, 0.5671, 0.6160, 0.6051, 0.6284, 0.5352, 0.6055]
Val_Loss: 0.626979, Val_Acc: 0.608273

Epoch #038, Train_Loss: [0.5429, 0.6402, 0.5992, 0.6354, 0.6260, 0.5786, 0.5700, 0.5083, 0.5672, 0.6124, 0.6621, 0.6613, 0.5608, 0.5450, 0.5791, 0.5497, 0.6482, 0.6138, 0.6175, 0.5510, 0.5950, 0.5632, 0.5792, 0.6116, 0.6218, 0.5726]
Val_Loss: 0.615882, Val_Acc: 0.681265

Epoch #039, Train_Loss: [0.5719, 0.6080, 0.6738, 0.5512, 0.5444, 0.5707, 0.6606, 0.6181, 0.5516, 0.5783, 0.5615, 0.6098, 0.6457, 0.5914, 0.5784, 0.5602, 0.5603, 0.6198, 0.6426, 0.6173, 0.5876, 0.5800, 0.6064, 0.6212, 0.6261, 0.6703]
Val_Loss: 0.616462, Val_Acc: 0.635036

Epoch #040, Train_Loss: [0.5895, 0.5890, 0.6486, 0.5992, 0.6038, 0.6480, 0.5964, 0.5902, 0.6215, 0.5647, 0.5902, 0.5398, 0.6132, 0.6126, 0.6343, 0.5601, 0.5567, 0.5730, 0.6064, 0.5584, 0.5720, 0.5853, 0.5695, 0.5603, 0.5744, 0.5623]
Val_Loss: 0.629979, Val_Acc: 0.610706

Epoch #041, Train_Loss: [0.6182, 0.5954, 0.5289, 0.6356, 0.5649, 0.5977, 0.5918, 0.5886, 0.5987, 0.5458, 0.6146, 0.5961, 0.5424, 0.5634, 0.5827, 0.5781, 0.5485, 0.5433, 0.5439, 0.5635, 0.6410, 0.5742, 0.6092, 0.6086, 0.5817, 0.5961]
Val_Loss: 0.624536, Val_Acc: 0.622871

Epoch #042, Train_Loss: [0.6360, 0.5678, 0.5880, 0.5414, 0.5897, 0.5397, 0.5625, 0.5911, 0.5975, 0.5816, 0.6428, 0.5717, 0.6055, 0.5899, 0.5233, 0.5669, 0.6091, 0.5499, 0.5814, 0.5686, 0.6274, 0.6046, 0.6731, 0.5923, 0.6092, 0.5780]
Val_Loss: 0.635319, Val_Acc: 0.598540

Epoch #043, Train_Loss: [0.5806, 0.6146, 0.6717, 0.5058, 0.6117, 0.5915, 0.6250, 0.5706, 0.5724, 0.5122, 0.5862, 0.6318, 0.6544, 0.5615, 0.5909, 0.5087, 0.5681, 0.5864, 0.5717, 0.6002, 0.6511, 0.5936, 0.5686, 0.5664, 0.5936, 0.5574]
Val_Loss: 0.621887, Val_Acc: 0.615572

Epoch #044, Train_Loss: [0.5903, 0.5371, 0.5665, 0.5728, 0.6352, 0.5832, 0.5784, 0.6168, 0.5923, 0.5618, 0.5803, 0.5836, 0.5878, 0.6039, 0.5793, 0.6104, 0.6173, 0.5792, 0.5066, 0.5591, 0.5621, 0.5799, 0.4972, 0.5301, 0.6275, 0.5979]
Val_Loss: 0.627328, Val_Acc: 0.630170

Epoch #045, Train_Loss: [0.5579, 0.5753, 0.5959, 0.5460, 0.5768, 0.5941, 0.5856, 0.6188, 0.5606, 0.5968, 0.6244, 0.6150, 0.5737, 0.5526, 0.5169, 0.5687, 0.6294, 0.5231, 0.6043, 0.6296, 0.5871, 0.6295, 0.4890, 0.5462, 0.5963, 0.5908]
Val_Loss: 0.619485, Val_Acc: 0.649635

Epoch #046, Train_Loss: [0.5296, 0.5739, 0.6174, 0.5742, 0.5575, 0.5642, 0.6205, 0.5711, 0.5175, 0.6093, 0.5962, 0.6265, 0.5512, 0.5481, 0.5588, 0.6230, 0.5503, 0.5794, 0.6115, 0.5626, 0.5863, 0.5832, 0.5840, 0.5628, 0.5729, 0.5670]
Val_Loss: 0.624586, Val_Acc: 0.639903

Epoch #047, Train_Loss: [0.5409, 0.5715, 0.5168, 0.5829, 0.6454, 0.5789, 0.6331, 0.5248, 0.5821, 0.5547, 0.5592, 0.5511, 0.5795, 0.6260, 0.6151, 0.6193, 0.5344, 0.5699, 0.6410, 0.6179, 0.6304, 0.6064, 0.6263, 0.6534, 0.5510, 0.6576]
Val_Loss: 0.626977, Val_Acc: 0.627737

Epoch #048, Train_Loss: [0.6285, 0.6373, 0.5751, 0.5829, 0.5539, 0.5299, 0.6123, 0.5737, 0.5705, 0.5853, 0.5582, 0.5806, 0.5335, 0.5829, 0.6871, 0.5879, 0.5392, 0.5773, 0.5529, 0.5416, 0.6079, 0.6153, 0.5349, 0.5071, 0.6228, 0.6186]
Val_Loss: 0.612821, Val_Acc: 0.664234

Epoch #049, Train_Loss: [0.6270, 0.4792, 0.5516, 0.5647, 0.6107, 0.6606, 0.5734, 0.5652, 0.5886, 0.5880, 0.6571, 0.5351, 0.4912, 0.5452, 0.5520, 0.5704, 0.5527, 0.6092, 0.6044, 0.6158, 0.5523, 0.5966, 0.5746, 0.5525, 0.5913, 0.5453]
Val_Loss: 0.594963, Val_Acc: 0.669100
The current best model is saved in: ******** outputs/NCI1_Hie/model.pth *********

Epoch #050, Train_Loss: [0.6246, 0.6098, 0.6189, 0.5524, 0.4813, 0.5459, 0.5701, 0.5542, 0.6095, 0.5702, 0.5844, 0.5585, 0.5955, 0.5771, 0.5396, 0.5012, 0.5987, 0.5443, 0.5557, 0.5864, 0.5701, 0.5786, 0.6070, 0.5760, 0.5164, 0.6245]
Val_Loss: 0.615523, Val_Acc: 0.649635

Epoch #051, Train_Loss: [0.4981, 0.5551, 0.6714, 0.5715, 0.5699, 0.5792, 0.6030, 0.5640, 0.5655, 0.5990, 0.6077, 0.5552, 0.6139, 0.5706, 0.6538, 0.5731, 0.5451, 0.6421, 0.5129, 0.5734, 0.5498, 0.5492, 0.5101, 0.5555, 0.5381, 0.5369]
Val_Loss: 0.607647, Val_Acc: 0.659367

Epoch #052, Train_Loss: [0.5748, 0.5743, 0.5721, 0.5638, 0.5819, 0.5260, 0.4940, 0.6488, 0.5298, 0.4887, 0.5982, 0.5306, 0.5060, 0.6274, 0.5861, 0.5331, 0.6301, 0.5932, 0.6326, 0.5737, 0.5480, 0.5923, 0.5183, 0.5359, 0.5725, 0.6165]
Val_Loss: 0.599103, Val_Acc: 0.671533

Epoch #053, Train_Loss: [0.5883, 0.5205, 0.6410, 0.5354, 0.5819, 0.5762, 0.5693, 0.5338, 0.5533, 0.6029, 0.5616, 0.5821, 0.5383, 0.5928, 0.5496, 0.5642, 0.6060, 0.5609, 0.5261, 0.5515, 0.5586, 0.5145, 0.5677, 0.5264, 0.5353, 0.5705]
Val_Loss: 0.624424, Val_Acc: 0.654501

Epoch #054, Train_Loss: [0.4939, 0.6077, 0.5695, 0.5213, 0.5329, 0.5802, 0.5806, 0.5248, 0.6195, 0.5730, 0.6501, 0.5250, 0.6323, 0.5504, 0.5288, 0.5585, 0.5543, 0.5846, 0.5327, 0.5722, 0.6117, 0.5690, 0.4994, 0.6023, 0.6107, 0.5903]
Val_Loss: 0.603346, Val_Acc: 0.676399

Epoch #055, Train_Loss: [0.6230, 0.5558, 0.5047, 0.5929, 0.5788, 0.5513, 0.5831, 0.4849, 0.5320, 0.5250, 0.5998, 0.6082, 0.5960, 0.5133, 0.5659, 0.5408, 0.5305, 0.5706, 0.5934, 0.5721, 0.5673, 0.5451, 0.6116, 0.5588, 0.5800, 0.5222]
Val_Loss: 0.588649, Val_Acc: 0.661800
The current best model is saved in: ******** outputs/NCI1_Hie/model.pth *********

Epoch #056, Train_Loss: [0.5671, 0.5153, 0.5712, 0.5219, 0.5400, 0.6146, 0.5739, 0.5227, 0.5951, 0.5250, 0.5148, 0.5816, 0.5945, 0.5963, 0.6025, 0.5519, 0.5416, 0.5607, 0.5429, 0.5026, 0.4990, 0.5857, 0.5737, 0.5891, 0.5936, 0.5724]
Val_Loss: 0.596496, Val_Acc: 0.681265

Epoch #057, Train_Loss: [0.6163, 0.5183, 0.5856, 0.5483, 0.6326, 0.5892, 0.5329, 0.5518, 0.5634, 0.5410, 0.6389, 0.5469, 0.5107, 0.5803, 0.5224, 0.5938, 0.5023, 0.5370, 0.4828, 0.6362, 0.5559, 0.5141, 0.5783, 0.5737, 0.5710, 0.4970]
Val_Loss: 0.595090, Val_Acc: 0.681265

Epoch #058, Train_Loss: [0.5555, 0.5342, 0.5117, 0.5425, 0.5924, 0.4922, 0.6164, 0.5258, 0.5578, 0.5778, 0.5874, 0.5977, 0.5557, 0.5867, 0.5449, 0.5358, 0.5100, 0.5642, 0.6127, 0.5704, 0.4809, 0.5673, 0.5539, 0.5367, 0.5758, 0.5749]
Val_Loss: 0.604401, Val_Acc: 0.686131

Epoch #059, Train_Loss: [0.6014, 0.6435, 0.6195, 0.5276, 0.5559, 0.5007, 0.5788, 0.5766, 0.5507, 0.5260, 0.5279, 0.5244, 0.5529, 0.5484, 0.6113, 0.4905, 0.5968, 0.5371, 0.5543, 0.5708, 0.5219, 0.5868, 0.6054, 0.4655, 0.5323, 0.5393]
Val_Loss: 0.600063, Val_Acc: 0.690998

Epoch #060, Train_Loss: [0.4974, 0.5539, 0.6034, 0.6513, 0.5127, 0.5231, 0.5385, 0.5518, 0.6272, 0.5587, 0.6220, 0.4849, 0.5281, 0.5781, 0.6101, 0.6073, 0.5132, 0.5906, 0.5653, 0.5826, 0.5624, 0.5172, 0.5592, 0.5817, 0.5373, 0.5692]
Val_Loss: 0.600262, Val_Acc: 0.669100

Epoch #061, Train_Loss: [0.4897, 0.5320, 0.5884, 0.5474, 0.6277, 0.5758, 0.5801, 0.5113, 0.6057, 0.5544, 0.6168, 0.5325, 0.5566, 0.5981, 0.5887, 0.5073, 0.5524, 0.5829, 0.5585, 0.6370, 0.5694, 0.5864, 0.5555, 0.5873, 0.5732, 0.5836]
Val_Loss: 0.609336, Val_Acc: 0.671533

Epoch #062, Train_Loss: [0.5488, 0.5598, 0.5960, 0.6308, 0.5969, 0.6125, 0.6037, 0.6069, 0.5501, 0.5556, 0.5817, 0.5967, 0.5677, 0.5227, 0.6047, 0.5430, 0.5219, 0.5195, 0.5066, 0.5476, 0.4981, 0.5286, 0.5106, 0.5583, 0.6242, 0.5578]
Val_Loss: 0.600025, Val_Acc: 0.678832

Epoch #063, Train_Loss: [0.5262, 0.5715, 0.5971, 0.5935, 0.5315, 0.5544, 0.6021, 0.5314, 0.6025, 0.5876, 0.5848, 0.5242, 0.5687, 0.5689, 0.4977, 0.4881, 0.6200, 0.6118, 0.5460, 0.5828, 0.5311, 0.5274, 0.5633, 0.6245, 0.6255, 0.5303]
Val_Loss: 0.608123, Val_Acc: 0.666667

Epoch #064, Train_Loss: [0.5809, 0.5368, 0.5691, 0.5251, 0.5826, 0.5457, 0.5522, 0.6129, 0.5622, 0.5615, 0.5345, 0.5389, 0.5674, 0.6205, 0.5328, 0.5537, 0.5710, 0.5791, 0.5299, 0.5399, 0.5746, 0.5622, 0.6448, 0.5868, 0.6096, 0.5470]
Val_Loss: 0.595527, Val_Acc: 0.688564

Epoch #065, Train_Loss: [0.5797, 0.5151, 0.5264, 0.5438, 0.5851, 0.5392, 0.6063, 0.5626, 0.5260, 0.5702, 0.6712, 0.5415, 0.5417, 0.5746, 0.5003, 0.6114, 0.5145, 0.5205, 0.5830, 0.5768, 0.5701, 0.5853, 0.6191, 0.6251, 0.5659, 0.5061]
Val_Loss: 0.603314, Val_Acc: 0.669100

Epoch #066, Train_Loss: [0.5570, 0.5929, 0.5557, 0.5551, 0.4876, 0.6357, 0.5986, 0.5938, 0.5426, 0.6220, 0.5404, 0.5579, 0.5627, 0.5825, 0.6041, 0.5588, 0.5312, 0.5206, 0.6178, 0.5388, 0.5473, 0.5128, 0.5875, 0.5632, 0.6056, 0.6498]
Val_Loss: 0.612859, Val_Acc: 0.678832

Epoch #067, Train_Loss: [0.5362, 0.5561, 0.5989, 0.5213, 0.5550, 0.4844, 0.5720, 0.5902, 0.5557, 0.5234, 0.5941, 0.5970, 0.6215, 0.5671, 0.5635, 0.5497, 0.5436, 0.5616, 0.5210, 0.5568, 0.5841, 0.6236, 0.5438, 0.5370, 0.5890, 0.5178]
Val_Loss: 0.591379, Val_Acc: 0.693431

Epoch #068, Train_Loss: [0.5561, 0.5493, 0.5608, 0.4925, 0.5392, 0.5276, 0.5640, 0.5221, 0.5884, 0.5554, 0.5825, 0.5338, 0.5384, 0.5443, 0.5135, 0.5692, 0.6093, 0.6292, 0.5473, 0.5525, 0.6391, 0.5770, 0.5989, 0.5614, 0.5726, 0.5869]
Val_Loss: 0.589201, Val_Acc: 0.695864

Epoch #069, Train_Loss: [0.5568, 0.5264, 0.5930, 0.5396, 0.5542, 0.5688, 0.6082, 0.6239, 0.5444, 0.5319, 0.6002, 0.5505, 0.6564, 0.6153, 0.5507, 0.5177, 0.5869, 0.5490, 0.5789, 0.5652, 0.5465, 0.5900, 0.4894, 0.5259, 0.5131, 0.5486]
Val_Loss: 0.590660, Val_Acc: 0.688564

Epoch #070, Train_Loss: [0.5748, 0.5665, 0.5559, 0.5155, 0.5657, 0.6583, 0.6068, 0.5578, 0.5311, 0.5342, 0.6111, 0.5149, 0.5592, 0.5370, 0.5386, 0.5843, 0.5964, 0.5640, 0.5495, 0.6072, 0.5051, 0.6115, 0.5655, 0.5682, 0.5274, 0.5168]
Val_Loss: 0.593052, Val_Acc: 0.698297

Epoch #071, Train_Loss: [0.5552, 0.5028, 0.5757, 0.5865, 0.5744, 0.5979, 0.4995, 0.5243, 0.5919, 0.5159, 0.5697, 0.5900, 0.5413, 0.5434, 0.5307, 0.5661, 0.5728, 0.4965, 0.5305, 0.5450, 0.5332, 0.6158, 0.5539, 0.5701, 0.5459, 0.6091]
Val_Loss: 0.593360, Val_Acc: 0.690998

Epoch #072, Train_Loss: [0.5904, 0.6216, 0.5401, 0.5834, 0.5549, 0.5131, 0.5513, 0.6019, 0.5332, 0.5289, 0.5100, 0.5283, 0.5837, 0.5546, 0.6401, 0.4691, 0.5499, 0.5735, 0.5078, 0.5482, 0.4878, 0.5697, 0.6713, 0.6186, 0.5689, 0.5176]
Val_Loss: 0.592459, Val_Acc: 0.686131

Epoch #073, Train_Loss: [0.5551, 0.5408, 0.5586, 0.5508, 0.5444, 0.5923, 0.5567, 0.4721, 0.4969, 0.6155, 0.5593, 0.5721, 0.4823, 0.5506, 0.5745, 0.5239, 0.6208, 0.5796, 0.5676, 0.5006, 0.5461, 0.5616, 0.6134, 0.5448, 0.5940, 0.5918]
Val_Loss: 0.601786, Val_Acc: 0.683698

Epoch #074, Train_Loss: [0.5578, 0.5735, 0.5766, 0.6059, 0.5701, 0.5487, 0.5583, 0.6348, 0.6048, 0.4881, 0.5462, 0.4817, 0.5603, 0.5352, 0.5241, 0.5376, 0.5621, 0.5806, 0.5174, 0.5847, 0.5114, 0.6391, 0.5406, 0.5783, 0.5742, 0.5545]
Val_Loss: 0.604670, Val_Acc: 0.698297

Epoch #075, Train_Loss: [0.5529, 0.5712, 0.5400, 0.5269, 0.6123, 0.5173, 0.5632, 0.5250, 0.5677, 0.5711, 0.5486, 0.5183, 0.5597, 0.5732, 0.5988, 0.5765, 0.5570, 0.5678, 0.5958, 0.6912, 0.5147, 0.5613, 0.5499, 0.5629, 0.5695, 0.5868]
Val_Loss: 0.603943, Val_Acc: 0.678832

Epoch #076, Train_Loss: [0.5253, 0.6435, 0.5219, 0.5359, 0.5789, 0.5647, 0.5954, 0.5757, 0.5713, 0.5846, 0.5985, 0.5444, 0.5565, 0.5762, 0.5192, 0.5675, 0.5773, 0.5882, 0.5458, 0.6002, 0.5255, 0.5608, 0.5441, 0.5601, 0.6171, 0.5431]
Val_Loss: 0.586189, Val_Acc: 0.703163
The current best model is saved in: ******** outputs/NCI1_Hie/model.pth *********

Epoch #077, Train_Loss: [0.5365, 0.5682, 0.5713, 0.5790, 0.5367, 0.5974, 0.5659, 0.5720, 0.5379, 0.5233, 0.5440, 0.5481, 0.6323, 0.5926, 0.5392, 0.6371, 0.5252, 0.5603, 0.5972, 0.6299, 0.5792, 0.4687, 0.5550, 0.6034, 0.5312, 0.5791]
Val_Loss: 0.593129, Val_Acc: 0.686131

Epoch #078, Train_Loss: [0.6182, 0.5281, 0.6091, 0.5384, 0.5463, 0.5340, 0.6174, 0.5461, 0.5457, 0.6017, 0.5738, 0.5542, 0.5465, 0.5483, 0.6129, 0.5787, 0.5464, 0.5535, 0.6001, 0.5547, 0.5336, 0.5711, 0.5574, 0.5961, 0.5335, 0.5221]
Val_Loss: 0.605437, Val_Acc: 0.683698

Epoch #079, Train_Loss: [0.6453, 0.5469, 0.5801, 0.5350, 0.5343, 0.6281, 0.5569, 0.5482, 0.5773, 0.5377, 0.5303, 0.5661, 0.5629, 0.5398, 0.5681, 0.5455, 0.5274, 0.5644, 0.5740, 0.5363, 0.5634, 0.5848, 0.5269, 0.5741, 0.5871, 0.5538]
Val_Loss: 0.594536, Val_Acc: 0.700730

Epoch #080, Train_Loss: [0.5600, 0.5563, 0.6099, 0.5580, 0.5356, 0.6347, 0.6037, 0.5479, 0.5441, 0.6037, 0.5340, 0.5137, 0.5584, 0.6262, 0.5062, 0.5604, 0.5160, 0.4858, 0.5369, 0.5320, 0.6612, 0.5195, 0.4919, 0.5132, 0.5203, 0.5578]
Val_Loss: 0.605968, Val_Acc: 0.698297

Epoch #081, Train_Loss: [0.5349, 0.5611, 0.5667, 0.6221, 0.5525, 0.5950, 0.5691, 0.5622, 0.5559, 0.5652, 0.5264, 0.5469, 0.5680, 0.5531, 0.5622, 0.5507, 0.5741, 0.5292, 0.5193, 0.5236, 0.5351, 0.5662, 0.6072, 0.5757, 0.5409, 0.5502]
Val_Loss: 0.599604, Val_Acc: 0.690998

Epoch #082, Train_Loss: [0.6174, 0.5567, 0.5563, 0.5295, 0.5541, 0.5693, 0.5003, 0.5617, 0.5371, 0.5905, 0.5223, 0.5484, 0.5936, 0.6112, 0.5894, 0.5728, 0.5603, 0.5689, 0.5527, 0.5614, 0.5853, 0.5584, 0.5192, 0.5133, 0.5646, 0.5468]
Val_Loss: 0.613231, Val_Acc: 0.673966

Epoch #083, Train_Loss: [0.5359, 0.5245, 0.5471, 0.5603, 0.5699, 0.5800, 0.5450, 0.4910, 0.5633, 0.5558, 0.6178, 0.5920, 0.5834, 0.5844, 0.5326, 0.5155, 0.5530, 0.5592, 0.5248, 0.6367, 0.5010, 0.5829, 0.5430, 0.6086, 0.5307, 0.5338]
Val_Loss: 0.586504, Val_Acc: 0.700730

Epoch #084, Train_Loss: [0.5696, 0.5400, 0.5681, 0.5500, 0.5079, 0.6335, 0.5695, 0.5301, 0.5660, 0.5110, 0.5232, 0.5557, 0.5969, 0.5575, 0.6229, 0.5860, 0.5517, 0.5490, 0.5441, 0.4955, 0.5339, 0.5195, 0.5141, 0.5438, 0.5185, 0.5021]
Val_Loss: 0.597842, Val_Acc: 0.695864

Epoch #085, Train_Loss: [0.5054, 0.5496, 0.6068, 0.5618, 0.5393, 0.5536, 0.5739, 0.5560, 0.5368, 0.5544, 0.5676, 0.5574, 0.5277, 0.6130, 0.5711, 0.5603, 0.5548, 0.5186, 0.6209, 0.5441, 0.5658, 0.5584, 0.5083, 0.6161, 0.5334, 0.6282]
Val_Loss: 0.575771, Val_Acc: 0.715328
The current best model is saved in: ******** outputs/NCI1_Hie/model.pth *********

Epoch #086, Train_Loss: [0.5285, 0.5413, 0.5307, 0.4688, 0.6329, 0.5716, 0.5185, 0.5187, 0.6050, 0.5892, 0.5145, 0.5751, 0.5544, 0.5706, 0.5606, 0.5444, 0.5555, 0.5670, 0.5405, 0.5567, 0.5493, 0.5346, 0.5560, 0.5303, 0.5419, 0.5022]
Val_Loss: 0.585488, Val_Acc: 0.708029

Epoch #087, Train_Loss: [0.5108, 0.6275, 0.4638, 0.5198, 0.4837, 0.5477, 0.5875, 0.5065, 0.4966, 0.5976, 0.5508, 0.5899, 0.5445, 0.5063, 0.5915, 0.5076, 0.5111, 0.5111, 0.5341, 0.5459, 0.5379, 0.5165, 0.5842, 0.6664, 0.6052, 0.5500]
Val_Loss: 0.596277, Val_Acc: 0.698297

Epoch #088, Train_Loss: [0.5853, 0.5552, 0.5547, 0.4999, 0.5072, 0.6012, 0.4993, 0.5633, 0.6020, 0.5539, 0.4887, 0.6341, 0.5473, 0.5420, 0.5352, 0.5165, 0.5231, 0.5340, 0.5554, 0.5472, 0.5311, 0.5458, 0.5808, 0.5691, 0.5468, 0.5629]
Val_Loss: 0.578510, Val_Acc: 0.720195

Epoch #089, Train_Loss: [0.5273, 0.5681, 0.6034, 0.5447, 0.5581, 0.5534, 0.5290, 0.5443, 0.5398, 0.5416, 0.5203, 0.5928, 0.5110, 0.5397, 0.5754, 0.5604, 0.4989, 0.6191, 0.6334, 0.5301, 0.5603, 0.5331, 0.6204, 0.5184, 0.6107, 0.4829]
Val_Loss: 0.588514, Val_Acc: 0.717762

Epoch #090, Train_Loss: [0.5466, 0.5367, 0.5652, 0.6029, 0.5113, 0.6090, 0.5697, 0.4753, 0.5542, 0.5485, 0.5479, 0.6031, 0.5112, 0.5281, 0.5805, 0.5394, 0.5233, 0.4895, 0.5054, 0.5472, 0.6045, 0.5407, 0.4773, 0.5947, 0.5947, 0.6331]
Val_Loss: 0.614389, Val_Acc: 0.688564

Epoch #091, Train_Loss: [0.6210, 0.5619, 0.5389, 0.5751, 0.5387, 0.4636, 0.6105, 0.5589, 0.4782, 0.5722, 0.6325, 0.5044, 0.5152, 0.6345, 0.5391, 0.5270, 0.5288, 0.5442, 0.6060, 0.5802, 0.5170, 0.5163, 0.5415, 0.5763, 0.5439, 0.5059]
Val_Loss: 0.589832, Val_Acc: 0.705596

Epoch #092, Train_Loss: [0.5540, 0.6402, 0.5541, 0.6398, 0.5754, 0.5490, 0.5077, 0.5557, 0.6461, 0.5203, 0.5981, 0.5281, 0.5382, 0.4974, 0.6151, 0.6000, 0.5675, 0.5135, 0.5274, 0.5267, 0.5599, 0.6483, 0.4291, 0.5846, 0.4838, 0.5505]
Val_Loss: 0.593551, Val_Acc: 0.705596

Epoch #093, Train_Loss: [0.5407, 0.5473, 0.5929, 0.5259, 0.5539, 0.5376, 0.5546, 0.5389, 0.6275, 0.4714, 0.5860, 0.5851, 0.5616, 0.5187, 0.5094, 0.5677, 0.4994, 0.5669, 0.5327, 0.5371, 0.5763, 0.5073, 0.5040, 0.5011, 0.6057, 0.6163]
Val_Loss: 0.582141, Val_Acc: 0.722628

Epoch #094, Train_Loss: [0.5697, 0.4960, 0.5262, 0.5509, 0.4907, 0.5597, 0.5102, 0.5228, 0.5571, 0.5812, 0.5203, 0.5421, 0.4934, 0.5779, 0.5368, 0.5533, 0.5365, 0.4645, 0.5196, 0.5454, 0.5804, 0.5849, 0.5731, 0.5678, 0.5417, 0.5875]
Val_Loss: 0.592478, Val_Acc: 0.700730

Epoch #095, Train_Loss: [0.5163, 0.5657, 0.5341, 0.5564, 0.5450, 0.5194, 0.5548, 0.5914, 0.5024, 0.5383, 0.5762, 0.5319, 0.5081, 0.5621, 0.5919, 0.5230, 0.5890, 0.5241, 0.5536, 0.4813, 0.5758, 0.5095, 0.5409, 0.5410, 0.6222, 0.4933]
Val_Loss: 0.620040, Val_Acc: 0.693431

Epoch #096, Train_Loss: [0.5206, 0.5491, 0.4681, 0.6103, 0.5444, 0.5770, 0.5407, 0.5751, 0.4833, 0.5135, 0.5320, 0.6246, 0.5852, 0.5527, 0.6123, 0.5552, 0.6135, 0.5383, 0.5668, 0.5776, 0.5254, 0.5488, 0.5620, 0.4869, 0.5365, 0.5230]
Val_Loss: 0.585948, Val_Acc: 0.693431

Epoch #097, Train_Loss: [0.5578, 0.5966, 0.4903, 0.5534, 0.5756, 0.5593, 0.5228, 0.4990, 0.6199, 0.5165, 0.5118, 0.6048, 0.5930, 0.5561, 0.5424, 0.5125, 0.5313, 0.4911, 0.5291, 0.5834, 0.6338, 0.5206, 0.5505, 0.5165, 0.5932, 0.4983]
Val_Loss: 0.607322, Val_Acc: 0.693431

Epoch #098, Train_Loss: [0.5600, 0.6091, 0.5043, 0.5299, 0.5170, 0.4755, 0.5705, 0.4878, 0.5629, 0.5769, 0.5535, 0.4566, 0.5899, 0.5262, 0.5734, 0.5084, 0.5860, 0.5576, 0.5622, 0.5962, 0.5415, 0.5157, 0.5506, 0.5984, 0.5196, 0.5618]
Val_Loss: 0.596525, Val_Acc: 0.686131

Epoch #099, Train_Loss: [0.5377, 0.5301, 0.6342, 0.4933, 0.5512, 0.5478, 0.5652, 0.5185, 0.5011, 0.5493, 0.5041, 0.5274, 0.5606, 0.5407, 0.5195, 0.5586, 0.6243, 0.5678, 0.5205, 0.5273, 0.5591, 0.5390, 0.5958, 0.5602, 0.6002, 0.5640]
Val_Loss: 0.590510, Val_Acc: 0.703163

Epoch #100, Train_Loss: [0.4818, 0.5384, 0.6187, 0.5480, 0.5475, 0.5505, 0.5142, 0.5515, 0.5786, 0.6204, 0.5398, 0.5225, 0.5760, 0.5333, 0.5852, 0.6495, 0.5629, 0.5227, 0.4901, 0.5596, 0.5119, 0.5169, 0.4505, 0.5705, 0.5480, 0.5534]
Val_Loss: 0.596434, Val_Acc: 0.698297

Epoch #101, Train_Loss: [0.5729, 0.5493, 0.5583, 0.5982, 0.4865, 0.5082, 0.5269, 0.4862, 0.4206, 0.5940, 0.5351, 0.4956, 0.5290, 0.4947, 0.4958, 0.5501, 0.5784, 0.5527, 0.5933, 0.5318, 0.5781, 0.5099, 0.6012, 0.4786, 0.5026, 0.5354]
Val_Loss: 0.595837, Val_Acc: 0.693431

Epoch #102, Train_Loss: [0.4890, 0.5203, 0.4311, 0.5463, 0.5403, 0.5881, 0.5406, 0.5410, 0.5684, 0.4917, 0.5044, 0.5198, 0.5909, 0.5733, 0.5107, 0.5426, 0.5083, 0.4961, 0.4937, 0.5552, 0.5375, 0.6097, 0.5272, 0.5016, 0.5730, 0.5122]
Val_Loss: 0.605121, Val_Acc: 0.681265

Epoch #103, Train_Loss: [0.5416, 0.4869, 0.5434, 0.5278, 0.5022, 0.5219, 0.4611, 0.5859, 0.4915, 0.5435, 0.5207, 0.4656, 0.5568, 0.5168, 0.5726, 0.5393, 0.6188, 0.5704, 0.5435, 0.4789, 0.4381, 0.5424, 0.4676, 0.6102, 0.4814, 0.6308]
Val_Loss: 0.595794, Val_Acc: 0.708029

Epoch #104, Train_Loss: [0.4800, 0.5364, 0.4732, 0.5575, 0.4267, 0.5138, 0.6500, 0.5936, 0.4714, 0.5442, 0.5326, 0.5352, 0.5675, 0.5478, 0.4819, 0.4967, 0.5012, 0.5561, 0.4824, 0.5565, 0.5352, 0.4961, 0.5554, 0.4438, 0.5362, 0.5097]
Val_Loss: 0.588576, Val_Acc: 0.717762

Epoch #105, Train_Loss: [0.4904, 0.5211, 0.5359, 0.5252, 0.5398, 0.5263, 0.5259, 0.5093, 0.5840, 0.5637, 0.5175, 0.5947, 0.5021, 0.4835, 0.5457, 0.5207, 0.5913, 0.5759, 0.5318, 0.4864, 0.5903, 0.4938, 0.5149, 0.5820, 0.5419, 0.4763]
Val_Loss: 0.600257, Val_Acc: 0.698297

Epoch #106, Train_Loss: [0.5455, 0.5316, 0.6241, 0.4884, 0.4992, 0.4927, 0.5467, 0.4652, 0.6022, 0.5118, 0.5493, 0.5455, 0.4631, 0.5938, 0.4981, 0.4835, 0.5407, 0.4324, 0.5819, 0.5440, 0.4912, 0.5127, 0.6053, 0.5339, 0.4895, 0.4586]
Val_Loss: 0.600474, Val_Acc: 0.712895

Epoch #107, Train_Loss: [0.5036, 0.5527, 0.5773, 0.5335, 0.5854, 0.5340, 0.5487, 0.5478, 0.5749, 0.5434, 0.4447, 0.5603, 0.4961, 0.5665, 0.4810, 0.4432, 0.5936, 0.5414, 0.5178, 0.5290, 0.5040, 0.5152, 0.4546, 0.5462, 0.5486, 0.5162]
Val_Loss: 0.595656, Val_Acc: 0.690998

Epoch #108, Train_Loss: [0.5024, 0.5044, 0.6102, 0.5628, 0.5373, 0.4771, 0.4947, 0.5217, 0.4973, 0.5599, 0.5545, 0.4884, 0.5595, 0.5453, 0.5439, 0.4771, 0.4488, 0.4296, 0.5311, 0.6481, 0.4402, 0.6376, 0.5034, 0.5373, 0.5006, 0.4858]
Val_Loss: 0.610877, Val_Acc: 0.695864

Epoch #109, Train_Loss: [0.4441, 0.5702, 0.4921, 0.5646, 0.6109, 0.4851, 0.5144, 0.4835, 0.5245, 0.5636, 0.5296, 0.6047, 0.4853, 0.5304, 0.4882, 0.5398, 0.4899, 0.5614, 0.6406, 0.5777, 0.4741, 0.6041, 0.5504, 0.5379, 0.5303, 0.5029]
Val_Loss: 0.588020, Val_Acc: 0.715328

Epoch #110, Train_Loss: [0.5780, 0.5446, 0.5457, 0.5716, 0.4987, 0.5142, 0.5071, 0.5060, 0.6053, 0.5625, 0.5064, 0.4943, 0.5715, 0.4591, 0.4958, 0.5160, 0.6170, 0.4743, 0.4673, 0.5575, 0.5108, 0.5422, 0.3787, 0.5187, 0.5668, 0.6395]
Val_Loss: 0.574189, Val_Acc: 0.725061
The current best model is saved in: ******** outputs/NCI1_Hie/model.pth *********

Epoch #111, Train_Loss: [0.5680, 0.5880, 0.4953, 0.5137, 0.5233, 0.5531, 0.4598, 0.5176, 0.4626, 0.5202, 0.5119, 0.5300, 0.5708, 0.5133, 0.6792, 0.5667, 0.4696, 0.5527, 0.5685, 0.5612, 0.5428, 0.5381, 0.4907, 0.5282, 0.6098, 0.5880]
Val_Loss: 0.615081, Val_Acc: 0.676399

Epoch #112, Train_Loss: [0.6037, 0.5360, 0.5664, 0.5679, 0.5161, 0.5479, 0.4912, 0.5274, 0.5541, 0.5579, 0.6158, 0.5510, 0.4748, 0.4510, 0.4583, 0.4812, 0.4838, 0.5463, 0.5189, 0.5151, 0.6041, 0.5520, 0.5725, 0.5046, 0.5184, 0.4304]
Val_Loss: 0.598634, Val_Acc: 0.700730

Epoch #113, Train_Loss: [0.5115, 0.5381, 0.4834, 0.5275, 0.5072, 0.4998, 0.5197, 0.4689, 0.4684, 0.5410, 0.4750, 0.6142, 0.5493, 0.5539, 0.5458, 0.5881, 0.5638, 0.4906, 0.5133, 0.6062, 0.5814, 0.5228, 0.5318, 0.5632, 0.5448, 0.4958]
Val_Loss: 0.601498, Val_Acc: 0.705596

Epoch #114, Train_Loss: [0.5023, 0.5076, 0.5175, 0.5012, 0.4684, 0.4930, 0.5423, 0.5629, 0.5588, 0.5634, 0.4991, 0.4771, 0.5007, 0.5852, 0.4993, 0.5155, 0.5486, 0.5112, 0.5497, 0.6467, 0.5290, 0.5355, 0.5221, 0.5831, 0.5010, 0.4780]
Val_Loss: 0.590520, Val_Acc: 0.710462

Epoch #115, Train_Loss: [0.4927, 0.5531, 0.4893, 0.4636, 0.5239, 0.5207, 0.5446, 0.4599, 0.5415, 0.5138, 0.4879, 0.4881, 0.5666, 0.5016, 0.4661, 0.4770, 0.5081, 0.5530, 0.5027, 0.5438, 0.5809, 0.4770, 0.5578, 0.4979, 0.5332, 0.5466]
Val_Loss: 0.586984, Val_Acc: 0.717762

Epoch #116, Train_Loss: [0.4699, 0.5691, 0.4432, 0.5081, 0.4537, 0.5672, 0.5333, 0.4690, 0.5655, 0.5205, 0.4561, 0.5643, 0.5514, 0.4917, 0.5271, 0.5553, 0.5475, 0.5975, 0.4986, 0.4846, 0.5134, 0.5364, 0.4859, 0.5589, 0.5784, 0.4979]
Val_Loss: 0.601190, Val_Acc: 0.700730

Epoch #117, Train_Loss: [0.5353, 0.5511, 0.4284, 0.5218, 0.5237, 0.4989, 0.4977, 0.4588, 0.4613, 0.5184, 0.5393, 0.5673, 0.5020, 0.5707, 0.5522, 0.5731, 0.5651, 0.5350, 0.4608, 0.5357, 0.5032, 0.5647, 0.5596, 0.5867, 0.4610, 0.4808]
Val_Loss: 0.594991, Val_Acc: 0.693431

Epoch #118, Train_Loss: [0.5365, 0.5545, 0.4715, 0.5137, 0.5063, 0.5196, 0.5695, 0.5291, 0.4669, 0.5412, 0.5095, 0.5724, 0.5399, 0.5332, 0.5195, 0.4647, 0.5306, 0.5431, 0.4575, 0.5190, 0.5096, 0.4220, 0.5925, 0.4925, 0.5880, 0.5323]
Val_Loss: 0.600189, Val_Acc: 0.700730

Epoch #119, Train_Loss: [0.4896, 0.5595, 0.4591, 0.5304, 0.5145, 0.4622, 0.5685, 0.5142, 0.5742, 0.4406, 0.6534, 0.5063, 0.5206, 0.5026, 0.5191, 0.5079, 0.5240, 0.6039, 0.4912, 0.5489, 0.4176, 0.4544, 0.6284, 0.5008, 0.5128, 0.5006]
Val_Loss: 0.577656, Val_Acc: 0.727494

Epoch #120, Train_Loss: [0.4428, 0.5296, 0.5235, 0.4989, 0.5653, 0.4297, 0.5673, 0.4856, 0.4817, 0.5616, 0.5378, 0.5727, 0.4957, 0.4579, 0.5609, 0.5244, 0.4821, 0.4438, 0.5282, 0.4835, 0.5558, 0.5262, 0.4645, 0.5649, 0.5486, 0.5594]
Val_Loss: 0.599578, Val_Acc: 0.710462

Epoch #121, Train_Loss: [0.4838, 0.4958, 0.4818, 0.5620, 0.4548, 0.5077, 0.4721, 0.4408, 0.5506, 0.5564, 0.5104, 0.4796, 0.5498, 0.5282, 0.5503, 0.5681, 0.4950, 0.5397, 0.5241, 0.4787, 0.5508, 0.5232, 0.5323, 0.5026, 0.4568, 0.4261]
Val_Loss: 0.591306, Val_Acc: 0.712895

Epoch #122, Train_Loss: [0.5191, 0.4706, 0.5080, 0.5237, 0.4851, 0.4513, 0.5075, 0.5352, 0.5874, 0.5135, 0.5890, 0.4977, 0.4884, 0.5501, 0.5608, 0.5796, 0.4610, 0.5211, 0.6095, 0.5268, 0.4702, 0.4471, 0.4802, 0.4956, 0.5104, 0.5009]
Val_Loss: 0.586226, Val_Acc: 0.725061

Epoch #123, Train_Loss: [0.5252, 0.5287, 0.5212, 0.5010, 0.5142, 0.4521, 0.5341, 0.5147, 0.4539, 0.4991, 0.4916, 0.4408, 0.5328, 0.4599, 0.4959, 0.5356, 0.5163, 0.6195, 0.5329, 0.5281, 0.5300, 0.4944, 0.5292, 0.4872, 0.4853, 0.5381]
Val_Loss: 0.595259, Val_Acc: 0.715328

Epoch #124, Train_Loss: [0.5650, 0.5192, 0.6006, 0.4768, 0.4283, 0.4948, 0.4949, 0.5343, 0.5779, 0.4767, 0.5350, 0.4773, 0.5298, 0.5472, 0.5106, 0.5434, 0.4931, 0.5689, 0.4491, 0.5275, 0.5012, 0.4992, 0.5374, 0.4642, 0.4480, 0.5077]
Val_Loss: 0.575732, Val_Acc: 0.737226

Epoch #125, Train_Loss: [0.5240, 0.4812, 0.4741, 0.4305, 0.4961, 0.4086, 0.4905, 0.5644, 0.5903, 0.5971, 0.4635, 0.3937, 0.4528, 0.5494, 0.5198, 0.5941, 0.5584, 0.4985, 0.5983, 0.6184, 0.5458, 0.6161, 0.4983, 0.4712, 0.5367, 0.4720]
Val_Loss: 0.599170, Val_Acc: 0.710462

Epoch #126, Train_Loss: [0.5134, 0.5101, 0.4729, 0.6006, 0.5476, 0.5230, 0.4241, 0.4992, 0.5127, 0.4828, 0.6016, 0.4633, 0.4867, 0.4880, 0.4723, 0.4972, 0.5063, 0.5215, 0.5355, 0.5629, 0.4410, 0.4928, 0.5094, 0.5706, 0.4975, 0.4724]
Val_Loss: 0.596568, Val_Acc: 0.705596

Epoch #127, Train_Loss: [0.5323, 0.4713, 0.4888, 0.4776, 0.5092, 0.4941, 0.4133, 0.4917, 0.5789, 0.5416, 0.4569, 0.5288, 0.5126, 0.5319, 0.5140, 0.5266, 0.4726, 0.4881, 0.4672, 0.4663, 0.5043, 0.4847, 0.5858, 0.5023, 0.4895, 0.5308]
Val_Loss: 0.585408, Val_Acc: 0.739659

Epoch #128, Train_Loss: [0.5171, 0.5121, 0.5006, 0.4590, 0.6091, 0.4839, 0.4985, 0.4780, 0.5248, 0.5074, 0.5033, 0.5737, 0.5211, 0.5017, 0.4318, 0.4683, 0.5271, 0.5888, 0.4896, 0.5485, 0.5321, 0.5040, 0.6276, 0.4859, 0.5383, 0.5569]
Val_Loss: 0.598949, Val_Acc: 0.708029

Epoch #129, Train_Loss: [0.5233, 0.5236, 0.5209, 0.4728, 0.4640, 0.4858, 0.5111, 0.5850, 0.5691, 0.5565, 0.5368, 0.5923, 0.5473, 0.5390, 0.5186, 0.5188, 0.5771, 0.5100, 0.5187, 0.4563, 0.5737, 0.5233, 0.5721, 0.5698, 0.4342, 0.4403]
Val_Loss: 0.598483, Val_Acc: 0.705596

Epoch #130, Train_Loss: [0.5341, 0.5067, 0.5084, 0.4456, 0.5283, 0.4932, 0.5401, 0.5976, 0.4695, 0.5320, 0.5032, 0.4913, 0.4755, 0.5423, 0.5197, 0.5970, 0.4927, 0.4969, 0.5146, 0.4806, 0.4241, 0.5224, 0.6007, 0.5190, 0.4989, 0.4359]
Val_Loss: 0.580761, Val_Acc: 0.732360

Epoch #131, Train_Loss: [0.5259, 0.4699, 0.5635, 0.5517, 0.4614, 0.4766, 0.5671, 0.4967, 0.5602, 0.5609, 0.4348, 0.4747, 0.6109, 0.5814, 0.5216, 0.5033, 0.5047, 0.4806, 0.5362, 0.5311, 0.5346, 0.5777, 0.5002, 0.4474, 0.4814, 0.4643]
Val_Loss: 0.583542, Val_Acc: 0.729927

Epoch #132, Train_Loss: [0.4951, 0.5421, 0.5590, 0.5485, 0.5710, 0.5286, 0.5208, 0.5105, 0.4725, 0.5161, 0.5171, 0.4288, 0.4868, 0.4103, 0.5212, 0.4557, 0.4993, 0.4702, 0.4394, 0.4974, 0.5342, 0.4759, 0.4868, 0.5813, 0.5615, 0.5988]
Val_Loss: 0.589086, Val_Acc: 0.722628

Epoch #133, Train_Loss: [0.5945, 0.4185, 0.4785, 0.4968, 0.4212, 0.5182, 0.3938, 0.5446, 0.5574, 0.5480, 0.4902, 0.4873, 0.4829, 0.5149, 0.5571, 0.5299, 0.5975, 0.4742, 0.5139, 0.5358, 0.5432, 0.5085, 0.4887, 0.5137, 0.4707, 0.5404]
Val_Loss: 0.579351, Val_Acc: 0.739659

Epoch #134, Train_Loss: [0.5791, 0.5189, 0.4622, 0.4350, 0.5559, 0.4626, 0.5729, 0.5380, 0.4649, 0.5299, 0.4659, 0.4738, 0.4692, 0.4679, 0.4280, 0.5026, 0.5519, 0.5192, 0.5483, 0.5741, 0.4483, 0.5315, 0.5255, 0.5463, 0.5311, 0.4850]
Val_Loss: 0.572867, Val_Acc: 0.756691
The current best model is saved in: ******** outputs/NCI1_Hie/model.pth *********

Epoch #135, Train_Loss: [0.5364, 0.4615, 0.5660, 0.4960, 0.5060, 0.4947, 0.5072, 0.4743, 0.4951, 0.5022, 0.5147, 0.4994, 0.5152, 0.6405, 0.5204, 0.4596, 0.4249, 0.4490, 0.5891, 0.5453, 0.5432, 0.5405, 0.4881, 0.4757, 0.5075, 0.5788]
Val_Loss: 0.587180, Val_Acc: 0.720195

Epoch #136, Train_Loss: [0.4470, 0.5277, 0.4587, 0.5208, 0.5158, 0.5191, 0.4419, 0.5005, 0.3881, 0.5014, 0.4944, 0.5809, 0.5372, 0.5193, 0.4538, 0.4131, 0.5563, 0.4580, 0.4879, 0.5363, 0.5558, 0.4858, 0.5879, 0.5211, 0.5270, 0.4924]
Val_Loss: 0.575897, Val_Acc: 0.732360

Epoch #137, Train_Loss: [0.4655, 0.5336, 0.5436, 0.5556, 0.4507, 0.5713, 0.5278, 0.5443, 0.4957, 0.5009, 0.5518, 0.4646, 0.5394, 0.5068, 0.4588, 0.4818, 0.4560, 0.5079, 0.4344, 0.4864, 0.4642, 0.4793, 0.5133, 0.5252, 0.4888, 0.4808]
Val_Loss: 0.596926, Val_Acc: 0.717762

Epoch #138, Train_Loss: [0.5233, 0.5555, 0.4600, 0.4635, 0.4756, 0.5166, 0.5398, 0.4883, 0.5345, 0.4505, 0.4305, 0.4858, 0.5409, 0.4438, 0.4705, 0.5126, 0.5024, 0.4950, 0.4377, 0.5351, 0.4941, 0.5020, 0.5326, 0.4647, 0.4775, 0.5278]
Val_Loss: 0.585699, Val_Acc: 0.715328

Epoch #139, Train_Loss: [0.5479, 0.4632, 0.5088, 0.5383, 0.4956, 0.5521, 0.4507, 0.6207, 0.5793, 0.5019, 0.4627, 0.5139, 0.6201, 0.4764, 0.5145, 0.4659, 0.5517, 0.5213, 0.5124, 0.4913, 0.5273, 0.5051, 0.5099, 0.4667, 0.4342, 0.5552]
Val_Loss: 0.589018, Val_Acc: 0.729927

Epoch #140, Train_Loss: [0.5126, 0.5047, 0.4918, 0.4592, 0.5437, 0.6107, 0.5217, 0.5557, 0.4622, 0.4707, 0.4719, 0.5156, 0.4963, 0.5549, 0.4968, 0.4791, 0.5003, 0.5492, 0.4441, 0.5726, 0.5068, 0.4841, 0.4476, 0.5232, 0.4548, 0.4801]
Val_Loss: 0.604111, Val_Acc: 0.722628

Epoch #141, Train_Loss: [0.4786, 0.4985, 0.4739, 0.4455, 0.4509, 0.5288, 0.5832, 0.4474, 0.4696, 0.5587, 0.4729, 0.4869, 0.6595, 0.4835, 0.5211, 0.5413, 0.4675, 0.4809, 0.4603, 0.4982, 0.5513, 0.4375, 0.5539, 0.5471, 0.5282, 0.5219]
Val_Loss: 0.574932, Val_Acc: 0.744526

Epoch #142, Train_Loss: [0.4712, 0.4535, 0.4878, 0.4979, 0.4866, 0.4714, 0.5199, 0.5163, 0.4342, 0.5549, 0.4270, 0.5354, 0.4406, 0.4534, 0.6183, 0.4834, 0.5131, 0.5473, 0.4724, 0.5367, 0.6127, 0.4424, 0.4721, 0.5155, 0.5213, 0.4500]
Val_Loss: 0.575996, Val_Acc: 0.744526

Epoch #143, Train_Loss: [0.4975, 0.5175, 0.4196, 0.5426, 0.4989, 0.5509, 0.5518, 0.5271, 0.4928, 0.5065, 0.4365, 0.4665, 0.4427, 0.4579, 0.6013, 0.5023, 0.5429, 0.4502, 0.5002, 0.4574, 0.5151, 0.4690, 0.5311, 0.5132, 0.5155, 0.4285]
Val_Loss: 0.574261, Val_Acc: 0.754258

Epoch #144, Train_Loss: [0.4819, 0.4631, 0.5431, 0.4565, 0.4462, 0.4774, 0.4270, 0.5771, 0.4941, 0.4752, 0.4287, 0.5432, 0.4451, 0.5143, 0.5714, 0.5197, 0.4928, 0.4788, 0.5071, 0.4538, 0.4813, 0.4644, 0.5009, 0.5987, 0.4734, 0.4881]
Val_Loss: 0.579819, Val_Acc: 0.727494

Epoch #145, Train_Loss: [0.4237, 0.5342, 0.5357, 0.4451, 0.4351, 0.5055, 0.4799, 0.5082, 0.4985, 0.5270, 0.4517, 0.5415, 0.3772, 0.4971, 0.5421, 0.5765, 0.4877, 0.4478, 0.4689, 0.6399, 0.5255, 0.4843, 0.5148, 0.4810, 0.4912, 0.5943]
Val_Loss: 0.580064, Val_Acc: 0.729927

Epoch #146, Train_Loss: [0.4421, 0.5008, 0.4548, 0.5093, 0.4298, 0.4391, 0.4572, 0.5609, 0.5425, 0.4315, 0.4173, 0.4445, 0.5566, 0.5840, 0.5313, 0.5679, 0.5488, 0.4581, 0.5362, 0.4004, 0.5487, 0.4896, 0.4953, 0.5043, 0.5007, 0.5130]
Val_Loss: 0.583074, Val_Acc: 0.727494

Epoch #147, Train_Loss: [0.5242, 0.5295, 0.4685, 0.4979, 0.5061, 0.4935, 0.5134, 0.5501, 0.5177, 0.4962, 0.4534, 0.5238, 0.4903, 0.5178, 0.4478, 0.5301, 0.4235, 0.4402, 0.5184, 0.5483, 0.5282, 0.4777, 0.4927, 0.5479, 0.3958, 0.5024]
Val_Loss: 0.587736, Val_Acc: 0.739659

Epoch #148, Train_Loss: [0.4219, 0.4160, 0.6168, 0.4815, 0.4587, 0.4752, 0.4687, 0.5822, 0.5333, 0.4742, 0.4934, 0.4840, 0.6032, 0.4784, 0.4593, 0.5553, 0.4523, 0.5005, 0.5396, 0.5008, 0.5112, 0.4830, 0.5265, 0.5313, 0.4259, 0.5012]
Val_Loss: 0.594346, Val_Acc: 0.727494

Epoch #149, Train_Loss: [0.4722, 0.4533, 0.5010, 0.5430, 0.4783, 0.4998, 0.5087, 0.4946, 0.5080, 0.4941, 0.4849, 0.5081, 0.4492, 0.4580, 0.5559, 0.6063, 0.5158, 0.4925, 0.4599, 0.4965, 0.4129, 0.5229, 0.4638, 0.5158, 0.5127, 0.4604]
Val_Loss: 0.611429, Val_Acc: 0.708029

Epoch #150, Train_Loss: [0.4736, 0.5485, 0.4669, 0.4502, 0.5146, 0.4991, 0.4509, 0.4934, 0.5224, 0.6354, 0.4502, 0.5675, 0.4219, 0.5090, 0.5225, 0.4601, 0.5383, 0.4385, 0.4616, 0.4350, 0.4822, 0.5440, 0.4921, 0.5126, 0.4990, 0.5099]
Val_Loss: 0.583922, Val_Acc: 0.712895

Epoch #151, Train_Loss: [0.5127, 0.4485, 0.4499, 0.5527, 0.4449, 0.4707, 0.4841, 0.5087, 0.4207, 0.5581, 0.4795, 0.3955, 0.4982, 0.5431, 0.5143, 0.4577, 0.5690, 0.4992, 0.5512, 0.4479, 0.5220, 0.5319, 0.3904, 0.5168, 0.5149, 0.4474]
Val_Loss: 0.574092, Val_Acc: 0.739659

Epoch #152, Train_Loss: [0.4616, 0.4612, 0.4744, 0.4959, 0.4803, 0.3901, 0.5338, 0.4158, 0.4718, 0.5006, 0.5080, 0.5246, 0.5809, 0.5416, 0.5630, 0.4933, 0.5197, 0.5410, 0.5012, 0.4422, 0.4366, 0.5290, 0.5357, 0.6003, 0.5320, 0.5085]
Val_Loss: 0.596577, Val_Acc: 0.700730

Epoch #153, Train_Loss: [0.4379, 0.5843, 0.5136, 0.5505, 0.4966, 0.4786, 0.5101, 0.5462, 0.4764, 0.5182, 0.4671, 0.4505, 0.4808, 0.4395, 0.4660, 0.4664, 0.5323, 0.4692, 0.4866, 0.5697, 0.4424, 0.5843, 0.4648, 0.4698, 0.4659, 0.4540]
Val_Loss: 0.612464, Val_Acc: 0.715328

Epoch #154, Train_Loss: [0.4836, 0.4875, 0.4811, 0.4552, 0.4160, 0.5146, 0.5452, 0.4503, 0.4902, 0.4905, 0.4687, 0.4280, 0.4504, 0.4586, 0.5306, 0.5586, 0.4936, 0.4899, 0.5712, 0.5287, 0.4710, 0.6542, 0.4466, 0.5417, 0.4455, 0.3973]
Val_Loss: 0.591611, Val_Acc: 0.715328

Epoch #155, Train_Loss: [0.4860, 0.4801, 0.5149, 0.4687, 0.4311, 0.4461, 0.4679, 0.4745, 0.5446, 0.4138, 0.4854, 0.4518, 0.5355, 0.4985, 0.5017, 0.4912, 0.4916, 0.5594, 0.4889, 0.4688, 0.5479, 0.4887, 0.5381, 0.4513, 0.5701, 0.5083]
Val_Loss: 0.590547, Val_Acc: 0.725061

Epoch #156, Train_Loss: [0.4468, 0.4798, 0.4973, 0.5236, 0.5537, 0.4654, 0.4753, 0.4190, 0.4565, 0.5469, 0.4939, 0.4848, 0.4787, 0.4727, 0.3921, 0.4868, 0.5452, 0.4464, 0.5004, 0.4543, 0.5072, 0.4563, 0.4778, 0.4650, 0.4870, 0.3858]
Val_Loss: 0.624904, Val_Acc: 0.705596

Epoch #157, Train_Loss: [0.4576, 0.5295, 0.4197, 0.5229, 0.6117, 0.4509, 0.5047, 0.4176, 0.4270, 0.5216, 0.4666, 0.4568, 0.3717, 0.4873, 0.4894, 0.4548, 0.6419, 0.4492, 0.4794, 0.5417, 0.5160, 0.4289, 0.5175, 0.5635, 0.4920, 0.5127]
Val_Loss: 0.585806, Val_Acc: 0.725061

Epoch #158, Train_Loss: [0.4306, 0.5731, 0.4940, 0.5323, 0.4994, 0.4486, 0.3779, 0.5171, 0.4582, 0.4981, 0.4401, 0.4625, 0.4699, 0.4858, 0.5551, 0.5159, 0.6251, 0.5246, 0.6039, 0.4809, 0.4660, 0.5222, 0.4679, 0.5620, 0.5045, 0.4649]
Val_Loss: 0.582504, Val_Acc: 0.742092

Epoch #159, Train_Loss: [0.4604, 0.4871, 0.4572, 0.4492, 0.4460, 0.6455, 0.3948, 0.5392, 0.4059, 0.5415, 0.4667, 0.4252, 0.5474, 0.4187, 0.5773, 0.4522, 0.5575, 0.4570, 0.5271, 0.5128, 0.5328, 0.4852, 0.5274, 0.5255, 0.5185, 0.4551]
Val_Loss: 0.604310, Val_Acc: 0.712895

Epoch #160, Train_Loss: [0.5621, 0.5438, 0.4747, 0.4820, 0.5069, 0.4543, 0.4679, 0.4876, 0.4778, 0.4527, 0.4195, 0.5146, 0.4056, 0.5448, 0.4366, 0.5143, 0.4556, 0.4585, 0.4852, 0.4849, 0.5254, 0.5216, 0.5231, 0.4811, 0.4938, 0.4456]
Val_Loss: 0.587931, Val_Acc: 0.734793

Epoch #161, Train_Loss: [0.4497, 0.4280, 0.6018, 0.4007, 0.4483, 0.4874, 0.4859, 0.4423, 0.5494, 0.4863, 0.4813, 0.5532, 0.4258, 0.5447, 0.4503, 0.4283, 0.5057, 0.4247, 0.5389, 0.5357, 0.4330, 0.5982, 0.4922, 0.5384, 0.4831, 0.4157]
Val_Loss: 0.592850, Val_Acc: 0.729927

Epoch #162, Train_Loss: [0.4380, 0.4712, 0.3916, 0.5470, 0.4492, 0.4213, 0.4767, 0.4283, 0.4898, 0.5098, 0.5027, 0.3987, 0.5576, 0.5323, 0.5110, 0.4712, 0.4553, 0.4995, 0.5076, 0.4903, 0.5057, 0.4996, 0.4913, 0.4490, 0.5407, 0.4763]
Val_Loss: 0.600883, Val_Acc: 0.720195

Epoch #163, Train_Loss: [0.4536, 0.4444, 0.5077, 0.4593, 0.4261, 0.5023, 0.4856, 0.4865, 0.4948, 0.5106, 0.5000, 0.4273, 0.5582, 0.4034, 0.4739, 0.5175, 0.5326, 0.5493, 0.5244, 0.5418, 0.4430, 0.4295, 0.5428, 0.4746, 0.4795, 0.4916]
Val_Loss: 0.601503, Val_Acc: 0.729927

Epoch #164, Train_Loss: [0.4615, 0.4334, 0.4202, 0.4614, 0.4857, 0.5006, 0.5267, 0.4572, 0.5430, 0.4716, 0.4931, 0.4444, 0.5039, 0.5765, 0.4718, 0.5340, 0.5323, 0.4606, 0.4294, 0.4732, 0.5315, 0.5175, 0.4966, 0.4438, 0.4628, 0.4820]
Val_Loss: 0.602592, Val_Acc: 0.720195

Epoch #165, Train_Loss: [0.5371, 0.4317, 0.4771, 0.4710, 0.4307, 0.5743, 0.4717, 0.4623, 0.5018, 0.5466, 0.4405, 0.4774, 0.5209, 0.4630, 0.4222, 0.5154, 0.4472, 0.4355, 0.5279, 0.4770, 0.4821, 0.4549, 0.4718, 0.4803, 0.5231, 0.4179]
Val_Loss: 0.625584, Val_Acc: 0.710462

Epoch #166, Train_Loss: [0.4512, 0.4699, 0.4741, 0.5437, 0.4152, 0.4032, 0.5817, 0.5098, 0.4640, 0.5232, 0.4545, 0.5346, 0.4584, 0.5036, 0.4626, 0.4549, 0.4643, 0.5337, 0.4134, 0.4473, 0.5202, 0.4948, 0.5201, 0.4914, 0.4642, 0.4537]
Val_Loss: 0.605855, Val_Acc: 0.720195

Epoch #167, Train_Loss: [0.5665, 0.4917, 0.4857, 0.5050, 0.4680, 0.4722, 0.4473, 0.4874, 0.5151, 0.4314, 0.5138, 0.5500, 0.4366, 0.5107, 0.4659, 0.4526, 0.4752, 0.4758, 0.4201, 0.5558, 0.4918, 0.5051, 0.4788, 0.4891, 0.5017, 0.5627]
Val_Loss: 0.642475, Val_Acc: 0.703163

Epoch #168, Train_Loss: [0.4729, 0.4316, 0.5046, 0.4870, 0.5909, 0.4437, 0.5415, 0.4723, 0.4767, 0.5452, 0.4209, 0.4839, 0.5206, 0.5248, 0.4659, 0.4520, 0.4744, 0.4946, 0.6128, 0.4654, 0.5294, 0.6065, 0.5091, 0.5178, 0.4716, 0.5223]
Val_Loss: 0.595737, Val_Acc: 0.727494

Epoch #169, Train_Loss: [0.4818, 0.4588, 0.5013, 0.4793, 0.5130, 0.4350, 0.5226, 0.4935, 0.4115, 0.5857, 0.4493, 0.4649, 0.4372, 0.4970, 0.4030, 0.4732, 0.5899, 0.5483, 0.5256, 0.4738, 0.4678, 0.4892, 0.4495, 0.4899, 0.5236, 0.5303]
Val_Loss: 0.590899, Val_Acc: 0.725061

Epoch #170, Train_Loss: [0.4726, 0.4497, 0.5355, 0.5249, 0.4939, 0.4654, 0.4560, 0.5108, 0.4425, 0.4363, 0.4554, 0.4726, 0.4457, 0.4409, 0.4691, 0.4846, 0.4957, 0.5153, 0.5073, 0.4757, 0.4954, 0.5103, 0.4825, 0.4322, 0.5329, 0.4287]
Val_Loss: 0.607979, Val_Acc: 0.688564

Epoch #171, Train_Loss: [0.5709, 0.4354, 0.5119, 0.5165, 0.4760, 0.4624, 0.4904, 0.4322, 0.4496, 0.4980, 0.4961, 0.4689, 0.5170, 0.5521, 0.4882, 0.4727, 0.4376, 0.4349, 0.4438, 0.5084, 0.5026, 0.4853, 0.4743, 0.4025, 0.4947, 0.5096]
Val_Loss: 0.598206, Val_Acc: 0.720195

Epoch #172, Train_Loss: [0.4471, 0.4436, 0.5380, 0.5063, 0.4115, 0.4821, 0.7075, 0.4359, 0.5139, 0.5589, 0.4981, 0.5443, 0.4385, 0.4921, 0.4200, 0.4611, 0.5320, 0.4954, 0.5524, 0.4736, 0.4258, 0.4466, 0.4990, 0.4849, 0.4935, 0.3514]
Val_Loss: 0.593727, Val_Acc: 0.710462

Epoch #173, Train_Loss: [0.5509, 0.5041, 0.4582, 0.5028, 0.5164, 0.4084, 0.4698, 0.4736, 0.4396, 0.5056, 0.5154, 0.5482, 0.3589, 0.4442, 0.4788, 0.4495, 0.4145, 0.4880, 0.4510, 0.4850, 0.4306, 0.5168, 0.5193, 0.4615, 0.5078, 0.5208]
Val_Loss: 0.609507, Val_Acc: 0.710462

Epoch #174, Train_Loss: [0.4416, 0.4344, 0.4940, 0.4889, 0.4686, 0.5388, 0.4772, 0.5715, 0.4368, 0.4597, 0.4526, 0.4945, 0.5053, 0.4636, 0.4145, 0.5191, 0.5029, 0.5193, 0.4523, 0.5415, 0.4382, 0.5459, 0.4593, 0.4474, 0.5007, 0.4895]
Val_Loss: 0.600572, Val_Acc: 0.712895

Epoch #175, Train_Loss: [0.5133, 0.4649, 0.4543, 0.5437, 0.4605, 0.4734, 0.4714, 0.5022, 0.5003, 0.4990, 0.5059, 0.4967, 0.4028, 0.4918, 0.5084, 0.4702, 0.4587, 0.4489, 0.5225, 0.3996, 0.4621, 0.4842, 0.5540, 0.4150, 0.4833, 0.6039]
Val_Loss: 0.591884, Val_Acc: 0.729927

********** TEST START **********
Reload Best Model
The current best model is saved in: ******** outputs/NCI1_Hie/model.pth *********
TEST :: Test_Acc: 0.768856
