+-----------------+-------------------------+
|    Parameter    |          Value          |
+=================+=========================+
| Batch size      | 128                     |
+-----------------+-------------------------+
| Dataset         | MUTAG                   |
+-----------------+-------------------------+
| Dropout ratio   | 0.5                     |
+-----------------+-------------------------+
| Epochs          | 10000                   |
+-----------------+-------------------------+
| Exp name        | MUTAG_Hie               |
+-----------------+-------------------------+
| Gpu index       | 0                       |
+-----------------+-------------------------+
| Hid             | 128                     |
+-----------------+-------------------------+
| Lr              | 0.0005                  |
+-----------------+-------------------------+
| Model           | ASAPooling_Hierarchical |
+-----------------+-------------------------+
| Patience        | 40                      |
+-----------------+-------------------------+
| Pooling ratio   | 0.5                     |
+-----------------+-------------------------+
| Seed            | 16                      |
+-----------------+-------------------------+
| Test batch size | 1                       |
+-----------------+-------------------------+
| Weight decay    | 0.0001                  |
+-----------------+-------------------------+
Using GPU: 0
ASAPooling_Hierarchical(
  (conv1): GCNConv(7, 128)
  (conv2): GCNConv(128, 128)
  (conv3): GCNConv(128, 128)
  (pool): ASAPooling(128, ratio=0.5)
  (lin1): Linear(in_features=256, out_features=128, bias=True)
  (lin2): Linear(in_features=128, out_features=64, bias=True)
  (classifier): Linear(in_features=64, out_features=2, bias=True)
)
Model Parameter: 108998
Using Adam

Epoch #000, Train_Loss: [0.7089, 0.7100]
Val_Loss: 0.693252, Val_Acc: 0.500000
The current best model is saved in: ******** outputs/MUTAG_Hie/model.pth *********

Epoch #001, Train_Loss: [0.7057, 0.7011]
Val_Loss: 0.692458, Val_Acc: 0.500000
The current best model is saved in: ******** outputs/MUTAG_Hie/model.pth *********

Epoch #002, Train_Loss: [0.6996, 0.6982]
Val_Loss: 0.691540, Val_Acc: 0.500000
The current best model is saved in: ******** outputs/MUTAG_Hie/model.pth *********

Epoch #003, Train_Loss: [0.6937, 0.6915]
Val_Loss: 0.690800, Val_Acc: 0.500000
The current best model is saved in: ******** outputs/MUTAG_Hie/model.pth *********

Epoch #004, Train_Loss: [0.6877, 0.6889]
Val_Loss: 0.690775, Val_Acc: 0.500000
The current best model is saved in: ******** outputs/MUTAG_Hie/model.pth *********

Epoch #005, Train_Loss: [0.6808, 0.6745]
Val_Loss: 0.691125, Val_Acc: 0.500000

Epoch #006, Train_Loss: [0.6722, 0.6671]
Val_Loss: 0.691227, Val_Acc: 0.500000

Epoch #007, Train_Loss: [0.6596, 0.6915]
Val_Loss: 0.693914, Val_Acc: 0.500000

Epoch #008, Train_Loss: [0.6473, 0.6822]
Val_Loss: 0.697653, Val_Acc: 0.500000

Epoch #009, Train_Loss: [0.6374, 0.6094]
Val_Loss: 0.705319, Val_Acc: 0.500000

Epoch #010, Train_Loss: [0.6359, 0.5870]
Val_Loss: 0.722327, Val_Acc: 0.500000

Epoch #011, Train_Loss: [0.6012, 0.7191]
Val_Loss: 0.746552, Val_Acc: 0.500000

Epoch #012, Train_Loss: [0.6169, 0.5352]
Val_Loss: 0.769528, Val_Acc: 0.500000

Epoch #013, Train_Loss: [0.5784, 0.7952]
Val_Loss: 0.784064, Val_Acc: 0.500000

Epoch #014, Train_Loss: [0.6146, 0.6118]
Val_Loss: 0.777934, Val_Acc: 0.500000

Epoch #015, Train_Loss: [0.5996, 0.7101]
Val_Loss: 0.764081, Val_Acc: 0.500000

Epoch #016, Train_Loss: [0.5968, 0.6362]
Val_Loss: 0.748450, Val_Acc: 0.500000

Epoch #017, Train_Loss: [0.6035, 0.5756]
Val_Loss: 0.738183, Val_Acc: 0.500000

Epoch #018, Train_Loss: [0.6007, 0.6607]
Val_Loss: 0.731486, Val_Acc: 0.500000

Epoch #019, Train_Loss: [0.6337, 0.4827]
Val_Loss: 0.728175, Val_Acc: 0.500000

Epoch #020, Train_Loss: [0.5808, 0.7651]
Val_Loss: 0.727668, Val_Acc: 0.500000

Epoch #021, Train_Loss: [0.6144, 0.5427]
Val_Loss: 0.725204, Val_Acc: 0.500000

Epoch #022, Train_Loss: [0.5865, 0.6802]
Val_Loss: 0.725770, Val_Acc: 0.500000

Epoch #023, Train_Loss: [0.5703, 0.7079]
Val_Loss: 0.724375, Val_Acc: 0.500000

Epoch #024, Train_Loss: [0.6088, 0.5618]
Val_Loss: 0.722498, Val_Acc: 0.500000

Epoch #025, Train_Loss: [0.5903, 0.5808]
Val_Loss: 0.728948, Val_Acc: 0.500000

Epoch #026, Train_Loss: [0.6313, 0.4431]
Val_Loss: 0.733945, Val_Acc: 0.500000

Epoch #027, Train_Loss: [0.5840, 0.6170]
Val_Loss: 0.743066, Val_Acc: 0.500000

Epoch #028, Train_Loss: [0.6104, 0.4776]
Val_Loss: 0.750644, Val_Acc: 0.500000

Epoch #029, Train_Loss: [0.5780, 0.6506]
Val_Loss: 0.758091, Val_Acc: 0.500000

Epoch #030, Train_Loss: [0.5838, 0.6260]
Val_Loss: 0.752983, Val_Acc: 0.500000

Epoch #031, Train_Loss: [0.6039, 0.5730]
Val_Loss: 0.739269, Val_Acc: 0.500000

Epoch #032, Train_Loss: [0.5612, 0.7050]
Val_Loss: 0.727241, Val_Acc: 0.500000

Epoch #033, Train_Loss: [0.6046, 0.5225]
Val_Loss: 0.716081, Val_Acc: 0.500000

Epoch #034, Train_Loss: [0.5753, 0.6929]
Val_Loss: 0.709443, Val_Acc: 0.500000

Epoch #035, Train_Loss: [0.6047, 0.4673]
Val_Loss: 0.706356, Val_Acc: 0.500000

Epoch #036, Train_Loss: [0.5792, 0.6633]
Val_Loss: 0.707084, Val_Acc: 0.500000

Epoch #037, Train_Loss: [0.5902, 0.5511]
Val_Loss: 0.708528, Val_Acc: 0.500000

Epoch #038, Train_Loss: [0.6087, 0.4557]
Val_Loss: 0.715743, Val_Acc: 0.500000

Epoch #039, Train_Loss: [0.5841, 0.5805]
Val_Loss: 0.727511, Val_Acc: 0.500000

Epoch #040, Train_Loss: [0.5669, 0.6553]
Val_Loss: 0.733457, Val_Acc: 0.500000

Epoch #041, Train_Loss: [0.5856, 0.5119]
Val_Loss: 0.728837, Val_Acc: 0.500000

Epoch #042, Train_Loss: [0.6049, 0.3962]
Val_Loss: 0.726670, Val_Acc: 0.500000

Epoch #043, Train_Loss: [0.5827, 0.5218]
Val_Loss: 0.728845, Val_Acc: 0.500000

Epoch #044, Train_Loss: [0.6125, 0.4032]
Val_Loss: 0.729941, Val_Acc: 0.500000

Epoch #045, Train_Loss: [0.5761, 0.5903]
Val_Loss: 0.727251, Val_Acc: 0.500000

********** TEST START **********
Reload Best Model
The current best model is saved in: ******** outputs/MUTAG_Hie/model.pth *********
TEST :: Test_Acc: 0.700000
