+-----------------+-------------------+
|    Parameter    |       Value       |
+=================+===================+
| Batch size      | 128               |
+-----------------+-------------------+
| Dataset         | NCI109            |
+-----------------+-------------------+
| Dropout ratio   | 0.5               |
+-----------------+-------------------+
| Epochs          | 10000             |
+-----------------+-------------------+
| Exp name        | NCI109_Glo        |
+-----------------+-------------------+
| Gpu index       | 0                 |
+-----------------+-------------------+
| Hid             | 128               |
+-----------------+-------------------+
| Lr              | 0.0005            |
+-----------------+-------------------+
| Model           | ASAPooling_Global |
+-----------------+-------------------+
| Patience        | 40                |
+-----------------+-------------------+
| Pooling ratio   | 0.5               |
+-----------------+-------------------+
| Seed            | 16                |
+-----------------+-------------------+
| Test batch size | 1                 |
+-----------------+-------------------+
| Weight decay    | 0.0001            |
+-----------------+-------------------+
Using GPU: 0
ASAPooling_Global(
  (conv1): GCNConv(38, 128)
  (conv2): GCNConv(128, 128)
  (conv3): GCNConv(128, 128)
  (pool): ASAPooling(384, ratio=0.5)
  (lin1): Linear(in_features=768, out_features=128, bias=True)
  (lin2): Linear(in_features=128, out_features=64, bias=True)
  (classifier): Linear(in_features=64, out_features=2, bias=True)
)
Model Parameter: 442438
Using Adam

Epoch #000, Train_Loss: [0.6885, 0.6975, 0.6981, 0.6960, 0.6904, 0.6924, 0.6910, 0.6939, 0.6919, 0.6987, 0.6928, 0.6941, 0.6924, 0.6939, 0.6953, 0.6948, 0.6905, 0.6935, 0.6944, 0.6936, 0.6905, 0.6924, 0.6928, 0.6930, 0.6913, 0.6937]
Val_Loss: 0.692843, Val_Acc: 0.507282
The current best model is saved in: ******** outputs/NCI109_Glo/model.pth *********

Epoch #001, Train_Loss: [0.6911, 0.6915, 0.6939, 0.6939, 0.6901, 0.6907, 0.6934, 0.6926, 0.6944, 0.6932, 0.6950, 0.6878, 0.6883, 0.6911, 0.6938, 0.6938, 0.6891, 0.6933, 0.6964, 0.6936, 0.6933, 0.6935, 0.6865, 0.6902, 0.6924, 0.6907]
Val_Loss: 0.691489, Val_Acc: 0.529126
The current best model is saved in: ******** outputs/NCI109_Glo/model.pth *********

Epoch #002, Train_Loss: [0.6894, 0.6876, 0.6891, 0.6834, 0.6920, 0.6881, 0.6884, 0.6874, 0.6965, 0.6987, 0.6893, 0.6892, 0.6876, 0.6937, 0.6941, 0.6915, 0.6862, 0.6969, 0.6929, 0.6935, 0.6904, 0.6903, 0.6924, 0.6925, 0.6909, 0.6981]
Val_Loss: 0.690491, Val_Acc: 0.500000
The current best model is saved in: ******** outputs/NCI109_Glo/model.pth *********

Epoch #003, Train_Loss: [0.6893, 0.6953, 0.6872, 0.6898, 0.6875, 0.6916, 0.6906, 0.6852, 0.6911, 0.6800, 0.6793, 0.6886, 0.6958, 0.7032, 0.6832, 0.6891, 0.6875, 0.6962, 0.6859, 0.6860, 0.6934, 0.6860, 0.6810, 0.6890, 0.6883, 0.6866]
Val_Loss: 0.688736, Val_Acc: 0.536408
The current best model is saved in: ******** outputs/NCI109_Glo/model.pth *********

Epoch #004, Train_Loss: [0.6864, 0.6847, 0.6922, 0.6955, 0.6858, 0.6887, 0.6883, 0.6877, 0.6884, 0.6696, 0.6906, 0.6846, 0.7001, 0.6816, 0.6939, 0.6834, 0.6845, 0.6945, 0.6845, 0.6728, 0.7009, 0.6851, 0.6850, 0.6759, 0.6973, 0.6955]
Val_Loss: 0.686273, Val_Acc: 0.567961
The current best model is saved in: ******** outputs/NCI109_Glo/model.pth *********

Epoch #005, Train_Loss: [0.6855, 0.6826, 0.6979, 0.6935, 0.6799, 0.6966, 0.6762, 0.6905, 0.6862, 0.6805, 0.6861, 0.6904, 0.6880, 0.6822, 0.7014, 0.6874, 0.6861, 0.6884, 0.6872, 0.6919, 0.6823, 0.6894, 0.6850, 0.6863, 0.6779, 0.6703]
Val_Loss: 0.683228, Val_Acc: 0.546117
The current best model is saved in: ******** outputs/NCI109_Glo/model.pth *********

Epoch #006, Train_Loss: [0.6788, 0.6868, 0.6935, 0.6897, 0.6788, 0.6855, 0.6704, 0.6727, 0.6861, 0.6714, 0.6938, 0.6767, 0.6865, 0.6735, 0.6717, 0.6821, 0.6829, 0.6836, 0.6693, 0.6857, 0.6605, 0.6893, 0.6621, 0.6683, 0.6700, 0.6610]
Val_Loss: 0.667331, Val_Acc: 0.582524
The current best model is saved in: ******** outputs/NCI109_Glo/model.pth *********

Epoch #007, Train_Loss: [0.6625, 0.6740, 0.6485, 0.6547, 0.6818, 0.6861, 0.6798, 0.6397, 0.6893, 0.6837, 0.6801, 0.6765, 0.6506, 0.6672, 0.6759, 0.6802, 0.7042, 0.6830, 0.6654, 0.6814, 0.6803, 0.7175, 0.6723, 0.6660, 0.6597, 0.6975]
Val_Loss: 0.665813, Val_Acc: 0.611650
The current best model is saved in: ******** outputs/NCI109_Glo/model.pth *********

Epoch #008, Train_Loss: [0.6668, 0.6680, 0.6771, 0.6829, 0.6542, 0.6804, 0.6685, 0.6506, 0.6781, 0.6831, 0.6424, 0.6753, 0.6825, 0.6396, 0.6207, 0.6637, 0.6419, 0.6444, 0.6487, 0.6629, 0.6505, 0.6809, 0.6791, 0.6521, 0.6180, 0.6230]
Val_Loss: 0.644698, Val_Acc: 0.616505
The current best model is saved in: ******** outputs/NCI109_Glo/model.pth *********

Epoch #009, Train_Loss: [0.6892, 0.6620, 0.6115, 0.6382, 0.6187, 0.6669, 0.6485, 0.6361, 0.6860, 0.6407, 0.6470, 0.6691, 0.6359, 0.6425, 0.6097, 0.5832, 0.6298, 0.6832, 0.6218, 0.6609, 0.6300, 0.6250, 0.7097, 0.6421, 0.6134, 0.6425]
Val_Loss: 0.621278, Val_Acc: 0.648058
The current best model is saved in: ******** outputs/NCI109_Glo/model.pth *********

Epoch #010, Train_Loss: [0.6100, 0.5913, 0.6463, 0.6419, 0.6716, 0.6041, 0.6458, 0.6031, 0.6048, 0.6315, 0.6337, 0.6094, 0.6342, 0.6662, 0.6020, 0.5878, 0.6501, 0.6253, 0.6659, 0.5951, 0.6434, 0.6004, 0.6944, 0.6479, 0.6372, 0.7018]
Val_Loss: 0.608874, Val_Acc: 0.672330
The current best model is saved in: ******** outputs/NCI109_Glo/model.pth *********

Epoch #011, Train_Loss: [0.6166, 0.6838, 0.5861, 0.6696, 0.6558, 0.5997, 0.6626, 0.6752, 0.6264, 0.6145, 0.6125, 0.5990, 0.5996, 0.6237, 0.6565, 0.6758, 0.6017, 0.6499, 0.6369, 0.5800, 0.6001, 0.6288, 0.6270, 0.6373, 0.6183, 0.5865]
Val_Loss: 0.623476, Val_Acc: 0.648058

Epoch #012, Train_Loss: [0.6051, 0.6538, 0.5847, 0.6043, 0.5779, 0.6739, 0.6408, 0.6408, 0.6359, 0.6156, 0.6401, 0.6403, 0.6572, 0.6889, 0.6089, 0.5847, 0.6488, 0.6373, 0.6469, 0.6222, 0.5993, 0.6120, 0.6283, 0.6538, 0.6442, 0.6824]
Val_Loss: 0.622179, Val_Acc: 0.650485

Epoch #013, Train_Loss: [0.6616, 0.5968, 0.6244, 0.6768, 0.6157, 0.6929, 0.6192, 0.5985, 0.6310, 0.6365, 0.5807, 0.6631, 0.6153, 0.5969, 0.6084, 0.6225, 0.5790, 0.6087, 0.6632, 0.6357, 0.6142, 0.6092, 0.5835, 0.5682, 0.6123, 0.6295]
Val_Loss: 0.605037, Val_Acc: 0.657767
The current best model is saved in: ******** outputs/NCI109_Glo/model.pth *********

Epoch #014, Train_Loss: [0.5951, 0.6018, 0.5543, 0.6049, 0.5939, 0.6203, 0.5897, 0.6912, 0.6023, 0.6189, 0.6424, 0.6172, 0.5685, 0.6950, 0.6046, 0.6063, 0.5973, 0.5994, 0.6460, 0.6137, 0.6203, 0.6608, 0.6214, 0.6124, 0.6025, 0.6335]
Val_Loss: 0.600357, Val_Acc: 0.674757
The current best model is saved in: ******** outputs/NCI109_Glo/model.pth *********

Epoch #015, Train_Loss: [0.6240, 0.6159, 0.6603, 0.5765, 0.6431, 0.5732, 0.6326, 0.5827, 0.6468, 0.5805, 0.5892, 0.6459, 0.6121, 0.5805, 0.5971, 0.6108, 0.6052, 0.6484, 0.6233, 0.6500, 0.6123, 0.5733, 0.6474, 0.6072, 0.6002, 0.6514]
Val_Loss: 0.618023, Val_Acc: 0.660194

Epoch #016, Train_Loss: [0.6569, 0.6185, 0.5617, 0.5954, 0.6215, 0.5972, 0.6204, 0.6391, 0.6059, 0.6264, 0.6636, 0.6312, 0.6304, 0.5902, 0.6251, 0.6041, 0.6603, 0.6154, 0.6042, 0.6157, 0.6173, 0.5810, 0.6520, 0.6102, 0.5862, 0.6212]
Val_Loss: 0.602346, Val_Acc: 0.674757

Epoch #017, Train_Loss: [0.5714, 0.5600, 0.6063, 0.6055, 0.5752, 0.6519, 0.6006, 0.6932, 0.6281, 0.6084, 0.6244, 0.6141, 0.6091, 0.5950, 0.6066, 0.6305, 0.5831, 0.6552, 0.6434, 0.6366, 0.6004, 0.5686, 0.6360, 0.6123, 0.5615, 0.6779]
Val_Loss: 0.606318, Val_Acc: 0.691748

Epoch #018, Train_Loss: [0.6231, 0.5812, 0.5933, 0.6482, 0.6121, 0.6192, 0.6708, 0.5780, 0.5758, 0.6281, 0.6578, 0.5455, 0.6338, 0.5822, 0.6246, 0.5790, 0.5646, 0.5913, 0.6260, 0.6355, 0.6098, 0.5717, 0.6692, 0.5945, 0.5877, 0.5566]
Val_Loss: 0.610078, Val_Acc: 0.655340

Epoch #019, Train_Loss: [0.5685, 0.5492, 0.6000, 0.6621, 0.5955, 0.6192, 0.5780, 0.5904, 0.6438, 0.6355, 0.6228, 0.5960, 0.6105, 0.6156, 0.6035, 0.5925, 0.5540, 0.5884, 0.6227, 0.5993, 0.6256, 0.5887, 0.5883, 0.6425, 0.5896, 0.6282]
Val_Loss: 0.612683, Val_Acc: 0.665049

Epoch #020, Train_Loss: [0.5670, 0.5981, 0.5842, 0.6192, 0.5808, 0.5891, 0.6175, 0.5910, 0.6163, 0.5960, 0.6413, 0.6414, 0.6059, 0.5930, 0.5818, 0.5839, 0.5736, 0.6135, 0.5582, 0.5840, 0.6152, 0.5651, 0.6010, 0.6103, 0.6192, 0.5445]
Val_Loss: 0.606718, Val_Acc: 0.662621

Epoch #021, Train_Loss: [0.6360, 0.6047, 0.6268, 0.6031, 0.6020, 0.6095, 0.6089, 0.5974, 0.5569, 0.6319, 0.6022, 0.6060, 0.5453, 0.5611, 0.6178, 0.6216, 0.5909, 0.5919, 0.5919, 0.6027, 0.5584, 0.6389, 0.5688, 0.5680, 0.5680, 0.5568]
Val_Loss: 0.617324, Val_Acc: 0.652913

Epoch #022, Train_Loss: [0.6084, 0.6225, 0.5859, 0.5380, 0.5432, 0.5410, 0.6443, 0.5803, 0.5731, 0.6023, 0.6335, 0.6213, 0.5469, 0.6474, 0.6101, 0.5489, 0.6246, 0.6012, 0.5619, 0.6045, 0.6093, 0.6445, 0.5497, 0.5485, 0.5531, 0.5985]
Val_Loss: 0.604096, Val_Acc: 0.701456

Epoch #023, Train_Loss: [0.5635, 0.5929, 0.6071, 0.5814, 0.5352, 0.5464, 0.6172, 0.6487, 0.5464, 0.6052, 0.5569, 0.6187, 0.5873, 0.5788, 0.6517, 0.6357, 0.6033, 0.5855, 0.6414, 0.5700, 0.5908, 0.6077, 0.6031, 0.5916, 0.6716, 0.6222]
Val_Loss: 0.601046, Val_Acc: 0.684466

Epoch #024, Train_Loss: [0.6371, 0.5907, 0.5953, 0.5808, 0.5946, 0.5291, 0.5575, 0.6064, 0.6331, 0.5811, 0.5433, 0.6204, 0.5616, 0.5761, 0.6533, 0.5855, 0.6179, 0.6430, 0.5554, 0.5135, 0.6189, 0.5608, 0.5939, 0.5939, 0.5544, 0.6438]
Val_Loss: 0.601954, Val_Acc: 0.677184

Epoch #025, Train_Loss: [0.5778, 0.5393, 0.5533, 0.5870, 0.6042, 0.5389, 0.5695, 0.6147, 0.5734, 0.6075, 0.5529, 0.5690, 0.5671, 0.5700, 0.5994, 0.6414, 0.5414, 0.5905, 0.6049, 0.5558, 0.5989, 0.5670, 0.5785, 0.6087, 0.6086, 0.5556]
Val_Loss: 0.593667, Val_Acc: 0.689320
The current best model is saved in: ******** outputs/NCI109_Glo/model.pth *********

Epoch #026, Train_Loss: [0.5862, 0.5682, 0.5841, 0.5467, 0.6108, 0.5392, 0.5283, 0.6700, 0.5403, 0.5510, 0.6137, 0.5724, 0.6521, 0.5279, 0.5737, 0.6732, 0.5257, 0.5954, 0.6037, 0.5288, 0.6373, 0.6373, 0.6639, 0.6244, 0.5357, 0.5943]
Val_Loss: 0.595493, Val_Acc: 0.684466

Epoch #027, Train_Loss: [0.6651, 0.5805, 0.5721, 0.6752, 0.5934, 0.5991, 0.5733, 0.5623, 0.5861, 0.5840, 0.5961, 0.5901, 0.5872, 0.5476, 0.5401, 0.5625, 0.5748, 0.5442, 0.6442, 0.5485, 0.5923, 0.5677, 0.5663, 0.6157, 0.5293, 0.5463]
Val_Loss: 0.593508, Val_Acc: 0.696602
The current best model is saved in: ******** outputs/NCI109_Glo/model.pth *********

Epoch #028, Train_Loss: [0.6207, 0.5728, 0.5868, 0.5996, 0.5196, 0.5144, 0.5572, 0.5396, 0.6123, 0.6013, 0.6501, 0.5343, 0.6844, 0.5807, 0.5521, 0.5709, 0.6094, 0.5645, 0.6482, 0.5435, 0.5418, 0.5658, 0.5440, 0.5566, 0.5829, 0.5400]
Val_Loss: 0.608267, Val_Acc: 0.672330

Epoch #029, Train_Loss: [0.6859, 0.5392, 0.5003, 0.5691, 0.6176, 0.5827, 0.4957, 0.5503, 0.5639, 0.6440, 0.5777, 0.5273, 0.6409, 0.5633, 0.5639, 0.5944, 0.5756, 0.5541, 0.6108, 0.5702, 0.5192, 0.5514, 0.5729, 0.6536, 0.5573, 0.5354]
Val_Loss: 0.588084, Val_Acc: 0.699029
The current best model is saved in: ******** outputs/NCI109_Glo/model.pth *********

Epoch #030, Train_Loss: [0.5597, 0.5716, 0.5854, 0.5587, 0.6582, 0.5412, 0.5237, 0.5800, 0.5307, 0.5743, 0.5795, 0.5188, 0.5676, 0.6682, 0.5911, 0.5813, 0.5448, 0.5808, 0.5745, 0.6631, 0.5986, 0.5251, 0.5806, 0.5366, 0.5981, 0.5118]
Val_Loss: 0.582345, Val_Acc: 0.701456
The current best model is saved in: ******** outputs/NCI109_Glo/model.pth *********

Epoch #031, Train_Loss: [0.4970, 0.6179, 0.6016, 0.5660, 0.5909, 0.5681, 0.5592, 0.5744, 0.6385, 0.5211, 0.5243, 0.5951, 0.6466, 0.5979, 0.5685, 0.6031, 0.5654, 0.5660, 0.5682, 0.5670, 0.5477, 0.5871, 0.5435, 0.5072, 0.5809, 0.5406]
Val_Loss: 0.628767, Val_Acc: 0.635922

Epoch #032, Train_Loss: [0.5750, 0.6097, 0.5421, 0.6019, 0.5799, 0.5271, 0.5865, 0.6074, 0.5400, 0.5454, 0.6214, 0.5712, 0.6072, 0.5774, 0.5252, 0.5696, 0.5443, 0.5787, 0.5362, 0.5288, 0.5947, 0.5708, 0.6064, 0.5540, 0.5596, 0.5736]
Val_Loss: 0.571765, Val_Acc: 0.720874
The current best model is saved in: ******** outputs/NCI109_Glo/model.pth *********

Epoch #033, Train_Loss: [0.5795, 0.5918, 0.5836, 0.5428, 0.6315, 0.5423, 0.5612, 0.5284, 0.5496, 0.5132, 0.5502, 0.5194, 0.6658, 0.6162, 0.5612, 0.5411, 0.5819, 0.5671, 0.5473, 0.5882, 0.5312, 0.6049, 0.5475, 0.6246, 0.5379, 0.5552]
Val_Loss: 0.589275, Val_Acc: 0.686893

Epoch #034, Train_Loss: [0.5994, 0.5426, 0.5816, 0.5525, 0.6030, 0.5951, 0.5823, 0.5502, 0.5895, 0.5548, 0.5601, 0.5279, 0.5115, 0.5978, 0.5807, 0.5626, 0.5167, 0.6125, 0.4540, 0.6158, 0.5324, 0.5474, 0.6036, 0.5854, 0.5911, 0.6417]
Val_Loss: 0.590609, Val_Acc: 0.691748

Epoch #035, Train_Loss: [0.5911, 0.5254, 0.6173, 0.5569, 0.5733, 0.5463, 0.5997, 0.5611, 0.6000, 0.5732, 0.5962, 0.4913, 0.5351, 0.4824, 0.6002, 0.5303, 0.5945, 0.6140, 0.5535, 0.5454, 0.5779, 0.5617, 0.5700, 0.5839, 0.5175, 0.5768]
Val_Loss: 0.577373, Val_Acc: 0.713592

Epoch #036, Train_Loss: [0.5194, 0.5492, 0.5987, 0.5350, 0.5708, 0.5722, 0.5576, 0.5651, 0.5542, 0.5707, 0.4971, 0.5855, 0.5388, 0.5126, 0.5727, 0.5780, 0.5385, 0.6171, 0.5490, 0.5234, 0.6023, 0.6191, 0.5240, 0.6052, 0.5620, 0.5792]
Val_Loss: 0.597905, Val_Acc: 0.691748

Epoch #037, Train_Loss: [0.6023, 0.5416, 0.5784, 0.5753, 0.5249, 0.4685, 0.5829, 0.6193, 0.5992, 0.5595, 0.5547, 0.5754, 0.4736, 0.5743, 0.5600, 0.5178, 0.6175, 0.5925, 0.4727, 0.5807, 0.6007, 0.5168, 0.4943, 0.5992, 0.5324, 0.6215]
Val_Loss: 0.603019, Val_Acc: 0.679612

Epoch #038, Train_Loss: [0.5151, 0.5793, 0.5928, 0.6612, 0.5048, 0.6091, 0.5474, 0.6061, 0.5127, 0.5048, 0.5080, 0.5540, 0.6144, 0.5348, 0.5771, 0.5972, 0.5623, 0.5491, 0.5554, 0.5685, 0.6177, 0.5612, 0.5413, 0.5960, 0.5571, 0.5342]
Val_Loss: 0.587077, Val_Acc: 0.679612

Epoch #039, Train_Loss: [0.5469, 0.5594, 0.5562, 0.5563, 0.5493, 0.5709, 0.5118, 0.5665, 0.5680, 0.5262, 0.5207, 0.5755, 0.5105, 0.5025, 0.5623, 0.5432, 0.5956, 0.6069, 0.6131, 0.5549, 0.5604, 0.5683, 0.5505, 0.6112, 0.5493, 0.5832]
Val_Loss: 0.583105, Val_Acc: 0.686893

Epoch #040, Train_Loss: [0.5289, 0.5231, 0.5262, 0.5100, 0.5898, 0.5874, 0.4976, 0.6000, 0.5854, 0.6013, 0.5845, 0.5649, 0.5633, 0.5705, 0.5322, 0.6157, 0.5591, 0.5746, 0.5946, 0.5928, 0.5623, 0.5484, 0.5012, 0.5541, 0.5849, 0.5833]
Val_Loss: 0.583433, Val_Acc: 0.703883

Epoch #041, Train_Loss: [0.6108, 0.5825, 0.5566, 0.5926, 0.4988, 0.5143, 0.5830, 0.5877, 0.5524, 0.5914, 0.5625, 0.5650, 0.5040, 0.5563, 0.5688, 0.5492, 0.5877, 0.6202, 0.5295, 0.5818, 0.5331, 0.5584, 0.5102, 0.4683, 0.5488, 0.5647]
Val_Loss: 0.578872, Val_Acc: 0.711165

Epoch #042, Train_Loss: [0.5115, 0.5181, 0.5489, 0.4951, 0.4942, 0.5978, 0.5499, 0.5697, 0.4840, 0.5909, 0.5347, 0.5991, 0.5821, 0.5500, 0.6348, 0.4995, 0.5218, 0.6445, 0.5745, 0.5689, 0.5302, 0.5408, 0.5776, 0.5415, 0.6113, 0.5218]
Val_Loss: 0.573279, Val_Acc: 0.713592

Epoch #043, Train_Loss: [0.5481, 0.5615, 0.5219, 0.5847, 0.5602, 0.4681, 0.5718, 0.4832, 0.5455, 0.5641, 0.5807, 0.5209, 0.5437, 0.5121, 0.6078, 0.5720, 0.4948, 0.5734, 0.5950, 0.5604, 0.6571, 0.6166, 0.4960, 0.5722, 0.5735, 0.5413]
Val_Loss: 0.587873, Val_Acc: 0.694175

Epoch #044, Train_Loss: [0.5504, 0.6289, 0.5650, 0.5684, 0.5631, 0.5436, 0.5809, 0.5225, 0.5520, 0.5232, 0.5623, 0.4955, 0.5294, 0.5855, 0.5588, 0.5289, 0.5531, 0.5653, 0.5556, 0.5396, 0.5550, 0.4905, 0.4782, 0.5734, 0.5567, 0.6856]
Val_Loss: 0.578329, Val_Acc: 0.708738

Epoch #045, Train_Loss: [0.5326, 0.5941, 0.6415, 0.5853, 0.5567, 0.5339, 0.5345, 0.5008, 0.5206, 0.5411, 0.5937, 0.5445, 0.5402, 0.5607, 0.5376, 0.5346, 0.5781, 0.5947, 0.5237, 0.5416, 0.4770, 0.5663, 0.5703, 0.5604, 0.5273, 0.4781]
Val_Loss: 0.568844, Val_Acc: 0.713592
The current best model is saved in: ******** outputs/NCI109_Glo/model.pth *********

Epoch #046, Train_Loss: [0.5226, 0.6395, 0.4907, 0.5794, 0.5706, 0.5539, 0.5125, 0.5746, 0.5231, 0.5260, 0.5206, 0.5344, 0.6215, 0.5471, 0.5449, 0.6168, 0.5059, 0.5315, 0.5800, 0.5208, 0.5367, 0.4919, 0.5356, 0.5561, 0.5220, 0.5568]
Val_Loss: 0.603322, Val_Acc: 0.706311

Epoch #047, Train_Loss: [0.5191, 0.5430, 0.5323, 0.4628, 0.5089, 0.6487, 0.5912, 0.5447, 0.5291, 0.5717, 0.5478, 0.5737, 0.4844, 0.5735, 0.5068, 0.4987, 0.5613, 0.5242, 0.5586, 0.5836, 0.5904, 0.5228, 0.5538, 0.5654, 0.5649, 0.5625]
Val_Loss: 0.587512, Val_Acc: 0.725728

Epoch #048, Train_Loss: [0.5206, 0.6204, 0.5554, 0.5400, 0.5848, 0.6110, 0.5525, 0.5132, 0.5133, 0.5200, 0.5210, 0.5301, 0.5588, 0.5874, 0.5883, 0.5944, 0.5004, 0.4715, 0.4874, 0.6679, 0.5596, 0.5597, 0.5958, 0.5096, 0.5144, 0.5465]
Val_Loss: 0.631892, Val_Acc: 0.648058

Epoch #049, Train_Loss: [0.6016, 0.5500, 0.5254, 0.4964, 0.5309, 0.5242, 0.5795, 0.5707, 0.5517, 0.5599, 0.5632, 0.5972, 0.5680, 0.4963, 0.5545, 0.5090, 0.6031, 0.5690, 0.5498, 0.5489, 0.4977, 0.5578, 0.6096, 0.5002, 0.5547, 0.4960]
Val_Loss: 0.605133, Val_Acc: 0.699029

Epoch #050, Train_Loss: [0.4832, 0.5367, 0.6289, 0.4744, 0.5033, 0.5223, 0.5161, 0.5911, 0.5764, 0.5081, 0.5549, 0.5565, 0.5918, 0.5277, 0.5612, 0.5752, 0.5390, 0.5160, 0.5240, 0.5818, 0.5458, 0.4723, 0.5294, 0.5974, 0.6476, 0.5454]
Val_Loss: 0.572118, Val_Acc: 0.720874

Epoch #051, Train_Loss: [0.5778, 0.6714, 0.5242, 0.5364, 0.5438, 0.4989, 0.5387, 0.5132, 0.5463, 0.5604, 0.5204, 0.5108, 0.4798, 0.5802, 0.5428, 0.5661, 0.4852, 0.5837, 0.5822, 0.5301, 0.6025, 0.5266, 0.5129, 0.5611, 0.5226, 0.5938]
Val_Loss: 0.593011, Val_Acc: 0.684466

Epoch #052, Train_Loss: [0.5255, 0.6252, 0.5788, 0.5462, 0.5001, 0.5705, 0.5548, 0.5521, 0.5494, 0.5463, 0.5622, 0.5716, 0.4868, 0.5108, 0.4630, 0.5852, 0.5395, 0.4883, 0.5069, 0.5106, 0.5580, 0.6232, 0.4364, 0.5690, 0.5716, 0.5414]
Val_Loss: 0.591185, Val_Acc: 0.689320

Epoch #053, Train_Loss: [0.6164, 0.6020, 0.5238, 0.5327, 0.5211, 0.5021, 0.6313, 0.5248, 0.5235, 0.4967, 0.5085, 0.4960, 0.5913, 0.5796, 0.5758, 0.5274, 0.5502, 0.5011, 0.5012, 0.5245, 0.5635, 0.5397, 0.4689, 0.5552, 0.5168, 0.5309]
Val_Loss: 0.590972, Val_Acc: 0.713592

Epoch #054, Train_Loss: [0.5382, 0.4938, 0.5288, 0.5797, 0.5650, 0.5021, 0.5564, 0.5535, 0.5240, 0.5149, 0.5686, 0.4869, 0.5497, 0.5540, 0.6240, 0.5531, 0.4351, 0.5376, 0.5356, 0.5414, 0.5006, 0.5427, 0.5369, 0.4864, 0.5184, 0.5489]
Val_Loss: 0.587044, Val_Acc: 0.696602

Epoch #055, Train_Loss: [0.4717, 0.5190, 0.4938, 0.5815, 0.4885, 0.5556, 0.5635, 0.5117, 0.5578, 0.5574, 0.5110, 0.5133, 0.5401, 0.5506, 0.5161, 0.5023, 0.4985, 0.5414, 0.5491, 0.5185, 0.4790, 0.5505, 0.5531, 0.5017, 0.5809, 0.5698]
Val_Loss: 0.588215, Val_Acc: 0.708738

Epoch #056, Train_Loss: [0.4905, 0.5181, 0.5680, 0.5439, 0.5533, 0.5073, 0.6123, 0.5058, 0.5002, 0.6060, 0.4867, 0.5505, 0.5864, 0.5340, 0.5532, 0.4645, 0.5360, 0.5697, 0.4949, 0.5117, 0.5108, 0.5480, 0.4918, 0.4819, 0.5629, 0.5038]
Val_Loss: 0.608934, Val_Acc: 0.699029

Epoch #057, Train_Loss: [0.5583, 0.5461, 0.5187, 0.5048, 0.4654, 0.5564, 0.5647, 0.5287, 0.5135, 0.4402, 0.5641, 0.5978, 0.5743, 0.6520, 0.5524, 0.4681, 0.4689, 0.5049, 0.3957, 0.5714, 0.4910, 0.5252, 0.4641, 0.4871, 0.5253, 0.6254]
Val_Loss: 0.618289, Val_Acc: 0.703883

Epoch #058, Train_Loss: [0.5039, 0.5692, 0.5396, 0.4638, 0.5458, 0.5701, 0.5100, 0.5894, 0.5818, 0.6551, 0.5132, 0.5327, 0.5616, 0.5650, 0.5601, 0.5558, 0.5115, 0.5133, 0.6124, 0.5182, 0.5452, 0.6326, 0.4925, 0.5303, 0.5012, 0.4434]
Val_Loss: 0.583900, Val_Acc: 0.720874

Epoch #059, Train_Loss: [0.5692, 0.6136, 0.5162, 0.4845, 0.5465, 0.4043, 0.5581, 0.4894, 0.5183, 0.4618, 0.5518, 0.5886, 0.5188, 0.5365, 0.5649, 0.5302, 0.5758, 0.5524, 0.4776, 0.4829, 0.5977, 0.5256, 0.5377, 0.4797, 0.5058, 0.5629]
Val_Loss: 0.585344, Val_Acc: 0.720874

Epoch #060, Train_Loss: [0.4806, 0.4821, 0.5165, 0.4966, 0.5441, 0.5706, 0.4873, 0.5338, 0.5888, 0.5382, 0.6093, 0.4836, 0.4693, 0.5127, 0.6064, 0.5435, 0.4658, 0.5199, 0.4981, 0.5351, 0.5144, 0.4988, 0.4692, 0.4904, 0.5206, 0.5633]
Val_Loss: 0.591378, Val_Acc: 0.708738

Epoch #061, Train_Loss: [0.4986, 0.5276, 0.4772, 0.5714, 0.5357, 0.4902, 0.4840, 0.5103, 0.5097, 0.6379, 0.5487, 0.5171, 0.4716, 0.4553, 0.5058, 0.5054, 0.5532, 0.5253, 0.5014, 0.5180, 0.5733, 0.4734, 0.5215, 0.5866, 0.5355, 0.5208]
Val_Loss: 0.576193, Val_Acc: 0.730583

Epoch #062, Train_Loss: [0.5038, 0.5619, 0.4565, 0.5968, 0.5126, 0.4939, 0.5002, 0.5273, 0.5617, 0.4669, 0.4891, 0.5900, 0.5146, 0.4747, 0.5550, 0.5096, 0.5240, 0.4567, 0.4930, 0.4794, 0.5592, 0.4953, 0.5783, 0.5575, 0.5175, 0.4838]
Val_Loss: 0.600852, Val_Acc: 0.708738

Epoch #063, Train_Loss: [0.5701, 0.5492, 0.5258, 0.4841, 0.5434, 0.4852, 0.5116, 0.5374, 0.5096, 0.4791, 0.5814, 0.5052, 0.5599, 0.5168, 0.5061, 0.4980, 0.4560, 0.5284, 0.4894, 0.5793, 0.5144, 0.5067, 0.5052, 0.4980, 0.4929, 0.5261]
Val_Loss: 0.580893, Val_Acc: 0.718447

Epoch #064, Train_Loss: [0.4291, 0.5461, 0.5445, 0.5270, 0.5355, 0.4933, 0.5668, 0.4801, 0.5177, 0.4960, 0.5311, 0.5413, 0.4814, 0.5612, 0.5437, 0.5290, 0.5242, 0.4932, 0.5080, 0.4574, 0.5041, 0.4583, 0.5340, 0.4399, 0.5242, 0.5171]
Val_Loss: 0.573928, Val_Acc: 0.730583

Epoch #065, Train_Loss: [0.4697, 0.5164, 0.5347, 0.5258, 0.4669, 0.5101, 0.4736, 0.4556, 0.5382, 0.5168, 0.4679, 0.5524, 0.4990, 0.5880, 0.5167, 0.5024, 0.5441, 0.4924, 0.4838, 0.5439, 0.5600, 0.4590, 0.4719, 0.4792, 0.5448, 0.5335]
Val_Loss: 0.586321, Val_Acc: 0.720874

Epoch #066, Train_Loss: [0.5622, 0.4568, 0.4712, 0.4667, 0.4639, 0.5398, 0.4971, 0.5243, 0.5128, 0.4741, 0.5669, 0.5044, 0.5410, 0.5034, 0.5639, 0.4911, 0.4359, 0.4748, 0.5508, 0.5225, 0.4975, 0.4734, 0.4987, 0.5421, 0.5107, 0.4450]
Val_Loss: 0.578591, Val_Acc: 0.735437

Epoch #067, Train_Loss: [0.5064, 0.5038, 0.5117, 0.5486, 0.6386, 0.4713, 0.5027, 0.4949, 0.5310, 0.4529, 0.5075, 0.5159, 0.4808, 0.5059, 0.5066, 0.5550, 0.5174, 0.4942, 0.5063, 0.5069, 0.4913, 0.4968, 0.5112, 0.4610, 0.5121, 0.5102]
Val_Loss: 0.575374, Val_Acc: 0.735437

Epoch #068, Train_Loss: [0.5036, 0.5130, 0.5200, 0.5404, 0.5436, 0.4553, 0.4780, 0.4547, 0.5304, 0.4464, 0.5178, 0.4757, 0.5122, 0.5254, 0.4991, 0.5072, 0.4555, 0.5649, 0.4363, 0.5272, 0.4849, 0.4758, 0.5058, 0.5428, 0.4610, 0.4326]
Val_Loss: 0.555525, Val_Acc: 0.735437
The current best model is saved in: ******** outputs/NCI109_Glo/model.pth *********

Epoch #069, Train_Loss: [0.4694, 0.5627, 0.4796, 0.5444, 0.3980, 0.5547, 0.5470, 0.5064, 0.5608, 0.4349, 0.4488, 0.4917, 0.5522, 0.4794, 0.5138, 0.4706, 0.4971, 0.5210, 0.5623, 0.5529, 0.5370, 0.4879, 0.5244, 0.4778, 0.5517, 0.4566]
Val_Loss: 0.595846, Val_Acc: 0.716019

Epoch #070, Train_Loss: [0.4724, 0.4798, 0.4716, 0.4879, 0.5271, 0.4969, 0.5163, 0.5625, 0.5218, 0.5029, 0.5460, 0.5386, 0.5014, 0.4831, 0.5281, 0.4526, 0.5273, 0.5494, 0.5088, 0.5285, 0.5826, 0.4775, 0.4768, 0.5407, 0.4699, 0.6185]
Val_Loss: 0.585018, Val_Acc: 0.723301

Epoch #071, Train_Loss: [0.5291, 0.4696, 0.5265, 0.4872, 0.4919, 0.5257, 0.5263, 0.4976, 0.4544, 0.4630, 0.4800, 0.5111, 0.4302, 0.4848, 0.5471, 0.5260, 0.4911, 0.4932, 0.5092, 0.5140, 0.5290, 0.4504, 0.6210, 0.5987, 0.5382, 0.5625]
Val_Loss: 0.577367, Val_Acc: 0.720874

Epoch #072, Train_Loss: [0.4931, 0.5471, 0.5523, 0.5160, 0.4202, 0.4824, 0.5162, 0.5969, 0.5704, 0.4871, 0.4564, 0.4750, 0.5145, 0.4847, 0.4662, 0.5179, 0.5326, 0.4631, 0.4357, 0.4349, 0.4849, 0.5274, 0.5721, 0.5412, 0.5553, 0.4955]
Val_Loss: 0.587054, Val_Acc: 0.706311

Epoch #073, Train_Loss: [0.5056, 0.6039, 0.5085, 0.5258, 0.4304, 0.5052, 0.4998, 0.5062, 0.5712, 0.5071, 0.5148, 0.5040, 0.5148, 0.4756, 0.4810, 0.4584, 0.4685, 0.5559, 0.4396, 0.4614, 0.4523, 0.5448, 0.5353, 0.4685, 0.4508, 0.4795]
Val_Loss: 0.593484, Val_Acc: 0.725728

Epoch #074, Train_Loss: [0.4721, 0.3831, 0.5215, 0.5956, 0.4632, 0.5446, 0.5718, 0.4993, 0.4831, 0.5019, 0.3976, 0.5751, 0.5298, 0.5278, 0.5023, 0.4774, 0.5012, 0.4856, 0.4657, 0.4682, 0.4728, 0.5548, 0.5285, 0.5384, 0.4497, 0.4990]
Val_Loss: 0.607692, Val_Acc: 0.701456

Epoch #075, Train_Loss: [0.6032, 0.4903, 0.6071, 0.4938, 0.5228, 0.5698, 0.4190, 0.4637, 0.5358, 0.5362, 0.5170, 0.5773, 0.5248, 0.4845, 0.4431, 0.5607, 0.4588, 0.4365, 0.4816, 0.4849, 0.4640, 0.3965, 0.4796, 0.5020, 0.4973, 0.3882]
Val_Loss: 0.591975, Val_Acc: 0.733010

Epoch #076, Train_Loss: [0.4672, 0.4572, 0.6030, 0.4319, 0.5037, 0.5324, 0.4556, 0.3566, 0.5780, 0.5321, 0.4614, 0.4998, 0.5206, 0.5461, 0.5507, 0.5503, 0.5123, 0.4817, 0.4623, 0.4626, 0.5348, 0.4857, 0.4527, 0.5180, 0.4799, 0.3941]
Val_Loss: 0.590297, Val_Acc: 0.720874

Epoch #077, Train_Loss: [0.4890, 0.5177, 0.4907, 0.4715, 0.4643, 0.4556, 0.4705, 0.4539, 0.5168, 0.5415, 0.4687, 0.4386, 0.4827, 0.5474, 0.5113, 0.5630, 0.5139, 0.4514, 0.4673, 0.4726, 0.4736, 0.4091, 0.5085, 0.5379, 0.4732, 0.5094]
Val_Loss: 0.571752, Val_Acc: 0.757282

Epoch #078, Train_Loss: [0.4926, 0.4229, 0.3914, 0.5455, 0.4833, 0.4705, 0.6116, 0.5185, 0.4548, 0.5039, 0.4795, 0.5360, 0.4688, 0.4238, 0.4864, 0.4779, 0.5517, 0.4310, 0.4927, 0.5819, 0.4059, 0.4920, 0.4215, 0.5077, 0.5128, 0.4956]
Val_Loss: 0.587552, Val_Acc: 0.725728

Epoch #079, Train_Loss: [0.4951, 0.5172, 0.4302, 0.4503, 0.4924, 0.5613, 0.4914, 0.5107, 0.5330, 0.5419, 0.4105, 0.4571, 0.4229, 0.5588, 0.4429, 0.4401, 0.5102, 0.5572, 0.5039, 0.4588, 0.4933, 0.5077, 0.5295, 0.4588, 0.5172, 0.5778]
Val_Loss: 0.566321, Val_Acc: 0.752427

Epoch #080, Train_Loss: [0.4698, 0.5211, 0.4962, 0.5206, 0.4432, 0.4731, 0.5400, 0.4225, 0.5114, 0.4132, 0.4949, 0.5036, 0.4852, 0.4455, 0.4646, 0.4383, 0.4244, 0.5643, 0.5557, 0.5301, 0.6188, 0.4792, 0.4895, 0.4851, 0.4694, 0.5304]
Val_Loss: 0.572063, Val_Acc: 0.733010

Epoch #081, Train_Loss: [0.4637, 0.5198, 0.4786, 0.4953, 0.4999, 0.4346, 0.4397, 0.4922, 0.5124, 0.4542, 0.5250, 0.4975, 0.5463, 0.5758, 0.4830, 0.5417, 0.4956, 0.4836, 0.4362, 0.4724, 0.4713, 0.4822, 0.5057, 0.5007, 0.4656, 0.4128]
Val_Loss: 0.584815, Val_Acc: 0.733010

Epoch #082, Train_Loss: [0.5077, 0.4780, 0.5381, 0.5406, 0.4920, 0.4976, 0.4760, 0.4594, 0.4039, 0.5308, 0.5036, 0.4749, 0.4217, 0.4634, 0.4540, 0.5209, 0.5004, 0.5308, 0.5370, 0.4823, 0.4270, 0.5733, 0.4302, 0.4352, 0.4744, 0.5172]
Val_Loss: 0.574921, Val_Acc: 0.733010

Epoch #083, Train_Loss: [0.4981, 0.4743, 0.5500, 0.4734, 0.4949, 0.5075, 0.4481, 0.4859, 0.4828, 0.5894, 0.5089, 0.4899, 0.4764, 0.3949, 0.5412, 0.5457, 0.4503, 0.4909, 0.4543, 0.6343, 0.3925, 0.5513, 0.4183, 0.5680, 0.4572, 0.4894]
Val_Loss: 0.604372, Val_Acc: 0.703883

Epoch #084, Train_Loss: [0.4285, 0.5475, 0.5189, 0.5555, 0.4665, 0.4854, 0.4537, 0.4772, 0.4370, 0.4837, 0.4608, 0.4675, 0.4729, 0.4934, 0.4963, 0.4742, 0.5432, 0.4288, 0.4847, 0.5227, 0.4609, 0.5103, 0.4429, 0.4743, 0.4797, 0.4380]
Val_Loss: 0.608862, Val_Acc: 0.711165

Epoch #085, Train_Loss: [0.4895, 0.5334, 0.4868, 0.4926, 0.4595, 0.4492, 0.5262, 0.6210, 0.4740, 0.4182, 0.5270, 0.5020, 0.4981, 0.5329, 0.4786, 0.5165, 0.4564, 0.4950, 0.5400, 0.5778, 0.4259, 0.5339, 0.5307, 0.4423, 0.4923, 0.5048]
Val_Loss: 0.584829, Val_Acc: 0.723301

Epoch #086, Train_Loss: [0.5360, 0.5096, 0.4402, 0.4042, 0.5169, 0.4772, 0.4214, 0.4658, 0.4684, 0.4818, 0.4403, 0.5098, 0.5356, 0.4832, 0.5675, 0.4247, 0.5258, 0.4744, 0.4740, 0.4716, 0.4482, 0.4430, 0.5243, 0.4763, 0.4728, 0.4961]
Val_Loss: 0.567246, Val_Acc: 0.733010

Epoch #087, Train_Loss: [0.4138, 0.5158, 0.4906, 0.4540, 0.4735, 0.5210, 0.5345, 0.5122, 0.4621, 0.4384, 0.4716, 0.5263, 0.4988, 0.4819, 0.5473, 0.5139, 0.5030, 0.5660, 0.4530, 0.5001, 0.5141, 0.5997, 0.4928, 0.4092, 0.4242, 0.5383]
Val_Loss: 0.581844, Val_Acc: 0.723301

Epoch #088, Train_Loss: [0.4509, 0.5420, 0.5299, 0.4827, 0.4909, 0.4419, 0.5264, 0.4971, 0.4926, 0.5129, 0.4707, 0.4860, 0.4785, 0.4184, 0.4165, 0.4767, 0.5068, 0.5028, 0.4552, 0.4585, 0.4819, 0.4910, 0.5069, 0.4291, 0.4894, 0.5109]
Val_Loss: 0.587445, Val_Acc: 0.711165

Epoch #089, Train_Loss: [0.4549, 0.3811, 0.5752, 0.6190, 0.5268, 0.4569, 0.5350, 0.5320, 0.4920, 0.5430, 0.4458, 0.4112, 0.4727, 0.5263, 0.5171, 0.4128, 0.4998, 0.4509, 0.5277, 0.4065, 0.4863, 0.4431, 0.5207, 0.4284, 0.4977, 0.5165]
Val_Loss: 0.571465, Val_Acc: 0.737864

Epoch #090, Train_Loss: [0.4919, 0.4679, 0.4456, 0.4434, 0.5192, 0.4538, 0.5248, 0.5073, 0.5432, 0.4605, 0.5393, 0.5247, 0.4898, 0.4222, 0.4734, 0.5003, 0.4942, 0.4127, 0.4690, 0.4851, 0.5493, 0.4357, 0.4961, 0.5208, 0.4983, 0.4187]
Val_Loss: 0.631842, Val_Acc: 0.708738

Epoch #091, Train_Loss: [0.4918, 0.5388, 0.4897, 0.4354, 0.4719, 0.4419, 0.5508, 0.5433, 0.5180, 0.4387, 0.5325, 0.5042, 0.4745, 0.5097, 0.4576, 0.4391, 0.4548, 0.4564, 0.4384, 0.5536, 0.4952, 0.5513, 0.5950, 0.4978, 0.4488, 0.4919]
Val_Loss: 0.609602, Val_Acc: 0.694175

Epoch #092, Train_Loss: [0.4934, 0.4308, 0.5058, 0.4684, 0.4533, 0.5037, 0.5161, 0.4579, 0.4835, 0.5267, 0.3913, 0.5084, 0.5024, 0.4321, 0.5252, 0.4588, 0.5840, 0.4793, 0.4635, 0.5056, 0.4985, 0.4873, 0.4817, 0.4814, 0.4219, 0.4783]
Val_Loss: 0.574109, Val_Acc: 0.725728

Epoch #093, Train_Loss: [0.5429, 0.4321, 0.4256, 0.4054, 0.4878, 0.4833, 0.4835, 0.4314, 0.5296, 0.4911, 0.5175, 0.4522, 0.4990, 0.4279, 0.5015, 0.5314, 0.4360, 0.4365, 0.4765, 0.4752, 0.4828, 0.4087, 0.5007, 0.3674, 0.5085, 0.4994]
Val_Loss: 0.571403, Val_Acc: 0.733010

Epoch #094, Train_Loss: [0.4464, 0.4435, 0.4262, 0.4874, 0.4986, 0.4559, 0.5145, 0.5111, 0.4915, 0.4524, 0.4268, 0.4763, 0.4123, 0.4943, 0.5155, 0.4940, 0.4659, 0.5152, 0.5553, 0.4747, 0.4448, 0.4910, 0.4529, 0.4456, 0.5301, 0.4401]
Val_Loss: 0.560640, Val_Acc: 0.747573

Epoch #095, Train_Loss: [0.4509, 0.3559, 0.5689, 0.5502, 0.5737, 0.4500, 0.4418, 0.4508, 0.4744, 0.4563, 0.4230, 0.4196, 0.4469, 0.5063, 0.5386, 0.5293, 0.4849, 0.4542, 0.5970, 0.5366, 0.4710, 0.4937, 0.4438, 0.5070, 0.4612, 0.5118]
Val_Loss: 0.550548, Val_Acc: 0.742718
The current best model is saved in: ******** outputs/NCI109_Glo/model.pth *********

Epoch #096, Train_Loss: [0.4392, 0.4459, 0.4747, 0.4510, 0.4626, 0.5633, 0.4331, 0.4271, 0.4349, 0.5621, 0.5396, 0.4716, 0.5026, 0.4575, 0.5154, 0.4844, 0.3978, 0.5001, 0.4283, 0.4010, 0.4698, 0.4350, 0.4804, 0.5633, 0.5486, 0.3957]
Val_Loss: 0.556808, Val_Acc: 0.742718

Epoch #097, Train_Loss: [0.4396, 0.4840, 0.4160, 0.5411, 0.4265, 0.4923, 0.4961, 0.4807, 0.4791, 0.4431, 0.4898, 0.4229, 0.5381, 0.4556, 0.4668, 0.4425, 0.4502, 0.5146, 0.4552, 0.5032, 0.5019, 0.4104, 0.4683, 0.4299, 0.4983, 0.5614]
Val_Loss: 0.556657, Val_Acc: 0.750000

Epoch #098, Train_Loss: [0.5458, 0.5434, 0.4021, 0.4652, 0.4333, 0.4541, 0.5314, 0.4463, 0.4813, 0.4960, 0.4271, 0.4781, 0.4517, 0.5588, 0.4405, 0.4932, 0.4548, 0.4060, 0.4668, 0.4410, 0.4332, 0.5155, 0.5381, 0.3956, 0.5278, 0.4954]
Val_Loss: 0.558222, Val_Acc: 0.757282

Epoch #099, Train_Loss: [0.4418, 0.4997, 0.4400, 0.4084, 0.4556, 0.4938, 0.4809, 0.4832, 0.4076, 0.4212, 0.5405, 0.4759, 0.4452, 0.4826, 0.4596, 0.4104, 0.4867, 0.4973, 0.4503, 0.4477, 0.4903, 0.3879, 0.4456, 0.5187, 0.5866, 0.4356]
Val_Loss: 0.565271, Val_Acc: 0.733010

Epoch #100, Train_Loss: [0.4620, 0.5751, 0.4650, 0.4002, 0.5365, 0.5102, 0.4673, 0.5119, 0.4092, 0.5251, 0.3803, 0.4616, 0.4024, 0.5165, 0.4908, 0.5066, 0.4890, 0.4875, 0.4473, 0.4716, 0.4583, 0.4654, 0.4719, 0.3954, 0.4194, 0.4202]
Val_Loss: 0.562188, Val_Acc: 0.737864

Epoch #101, Train_Loss: [0.4490, 0.4310, 0.4436, 0.4222, 0.4236, 0.4474, 0.4912, 0.4798, 0.6394, 0.6555, 0.4393, 0.5116, 0.4540, 0.5490, 0.4918, 0.3883, 0.4499, 0.4460, 0.4646, 0.5072, 0.4664, 0.4759, 0.5067, 0.4650, 0.5233, 0.4211]
Val_Loss: 0.562082, Val_Acc: 0.742718

Epoch #102, Train_Loss: [0.4172, 0.5464, 0.5077, 0.4462, 0.4376, 0.4748, 0.4929, 0.4808, 0.5380, 0.4328, 0.4663, 0.4722, 0.4668, 0.4757, 0.4790, 0.5359, 0.4232, 0.4801, 0.5138, 0.4078, 0.4313, 0.4883, 0.4687, 0.3795, 0.5013, 0.5236]
Val_Loss: 0.560284, Val_Acc: 0.737864

Epoch #103, Train_Loss: [0.5022, 0.4974, 0.4123, 0.4830, 0.5400, 0.4225, 0.3772, 0.4058, 0.5168, 0.4889, 0.4435, 0.4425, 0.3247, 0.5168, 0.4191, 0.4742, 0.4770, 0.4703, 0.4385, 0.4682, 0.4397, 0.4522, 0.5403, 0.5515, 0.4793, 0.5207]
Val_Loss: 0.564766, Val_Acc: 0.737864

Epoch #104, Train_Loss: [0.4603, 0.4247, 0.4495, 0.4872, 0.5106, 0.4384, 0.5243, 0.4166, 0.5157, 0.4322, 0.4512, 0.4319, 0.4848, 0.4298, 0.4483, 0.3768, 0.4961, 0.3792, 0.4107, 0.4286, 0.4554, 0.4178, 0.4775, 0.4902, 0.4123, 0.5249]
Val_Loss: 0.579030, Val_Acc: 0.733010

Epoch #105, Train_Loss: [0.4244, 0.4588, 0.4732, 0.4341, 0.4730, 0.3479, 0.4924, 0.5696, 0.5266, 0.4362, 0.4202, 0.5128, 0.4809, 0.4290, 0.4813, 0.4685, 0.5313, 0.4493, 0.4646, 0.4482, 0.4520, 0.4472, 0.5203, 0.4224, 0.4867, 0.3537]
Val_Loss: 0.569370, Val_Acc: 0.737864

Epoch #106, Train_Loss: [0.3941, 0.4451, 0.4514, 0.3968, 0.5014, 0.3928, 0.3886, 0.5898, 0.4300, 0.3981, 0.4880, 0.5240, 0.4644, 0.4291, 0.3955, 0.4935, 0.5062, 0.4416, 0.5620, 0.4829, 0.4716, 0.4273, 0.5320, 0.4376, 0.4927, 0.4443]
Val_Loss: 0.570539, Val_Acc: 0.730583

Epoch #107, Train_Loss: [0.4638, 0.4230, 0.5149, 0.5266, 0.4795, 0.4575, 0.5416, 0.5407, 0.5279, 0.4469, 0.4182, 0.4909, 0.3717, 0.4705, 0.4779, 0.4083, 0.4616, 0.4039, 0.3931, 0.4963, 0.4405, 0.4041, 0.4875, 0.3908, 0.4534, 0.4557]
Val_Loss: 0.575270, Val_Acc: 0.752427

Epoch #108, Train_Loss: [0.5352, 0.4018, 0.4515, 0.4634, 0.4115, 0.4759, 0.4776, 0.5121, 0.5338, 0.4792, 0.4730, 0.4344, 0.4568, 0.4802, 0.3626, 0.4013, 0.4148, 0.5304, 0.5487, 0.4521, 0.4186, 0.5722, 0.4740, 0.5242, 0.4041, 0.5434]
Val_Loss: 0.559506, Val_Acc: 0.745146

Epoch #109, Train_Loss: [0.4876, 0.4456, 0.4530, 0.4694, 0.4484, 0.5093, 0.5041, 0.4652, 0.4269, 0.5577, 0.5005, 0.3874, 0.5227, 0.5366, 0.4291, 0.4365, 0.4765, 0.5453, 0.3985, 0.5220, 0.3741, 0.4271, 0.5430, 0.4700, 0.4868, 0.4282]
Val_Loss: 0.576152, Val_Acc: 0.733010

Epoch #110, Train_Loss: [0.5114, 0.4997, 0.4235, 0.4362, 0.5283, 0.4717, 0.4228, 0.4520, 0.4574, 0.4374, 0.4579, 0.4298, 0.4030, 0.4612, 0.4776, 0.4294, 0.5097, 0.4934, 0.4744, 0.4968, 0.4351, 0.4595, 0.4280, 0.5019, 0.4888, 0.4124]
Val_Loss: 0.567191, Val_Acc: 0.733010

Epoch #111, Train_Loss: [0.4981, 0.5044, 0.4478, 0.3772, 0.3947, 0.4643, 0.5162, 0.4361, 0.4514, 0.4683, 0.4804, 0.4628, 0.4545, 0.4413, 0.5053, 0.4892, 0.4705, 0.4464, 0.4787, 0.5149, 0.4528, 0.4853, 0.3874, 0.4654, 0.3891, 0.4067]
Val_Loss: 0.560905, Val_Acc: 0.766990

Epoch #112, Train_Loss: [0.4350, 0.4352, 0.4012, 0.4666, 0.5953, 0.4277, 0.3770, 0.4433, 0.5287, 0.3525, 0.4531, 0.5035, 0.4749, 0.4048, 0.5191, 0.4953, 0.4804, 0.4341, 0.4618, 0.4293, 0.4103, 0.5073, 0.4467, 0.4238, 0.4856, 0.4462]
Val_Loss: 0.588218, Val_Acc: 0.725728

Epoch #113, Train_Loss: [0.4854, 0.4160, 0.4602, 0.4842, 0.4460, 0.4372, 0.3852, 0.3990, 0.5031, 0.4220, 0.4957, 0.5755, 0.4808, 0.4442, 0.4535, 0.3977, 0.5863, 0.4658, 0.5016, 0.5026, 0.5086, 0.4405, 0.4851, 0.4136, 0.4647, 0.4574]
Val_Loss: 0.556357, Val_Acc: 0.740291

Epoch #114, Train_Loss: [0.4609, 0.4979, 0.5026, 0.4802, 0.4026, 0.4094, 0.4395, 0.5062, 0.4580, 0.3643, 0.4345, 0.4104, 0.4121, 0.5406, 0.4522, 0.4491, 0.4787, 0.4605, 0.4784, 0.4286, 0.3941, 0.5120, 0.4824, 0.4696, 0.4582, 0.4612]
Val_Loss: 0.573996, Val_Acc: 0.730583

Epoch #115, Train_Loss: [0.4501, 0.5318, 0.4027, 0.4296, 0.4007, 0.4778, 0.4493, 0.3880, 0.4551, 0.4818, 0.3955, 0.3905, 0.4916, 0.4799, 0.4414, 0.4819, 0.5114, 0.4731, 0.4008, 0.4401, 0.4654, 0.4740, 0.4759, 0.4460, 0.4674, 0.4642]
Val_Loss: 0.558852, Val_Acc: 0.737864

Epoch #116, Train_Loss: [0.4578, 0.4989, 0.4540, 0.4672, 0.3682, 0.3960, 0.4608, 0.3836, 0.4198, 0.4054, 0.4341, 0.4785, 0.4683, 0.5369, 0.5529, 0.4311, 0.4077, 0.4130, 0.4019, 0.4398, 0.4523, 0.4945, 0.4868, 0.4206, 0.4785, 0.5056]
Val_Loss: 0.581849, Val_Acc: 0.733010

Epoch #117, Train_Loss: [0.4267, 0.4417, 0.4199, 0.4851, 0.5056, 0.4532, 0.3803, 0.5014, 0.4867, 0.4482, 0.4490, 0.5774, 0.5125, 0.4523, 0.4115, 0.4366, 0.4210, 0.5074, 0.4328, 0.4110, 0.4713, 0.4685, 0.4333, 0.4206, 0.4455, 0.4793]
Val_Loss: 0.582943, Val_Acc: 0.725728

Epoch #118, Train_Loss: [0.4312, 0.4308, 0.5104, 0.4109, 0.4194, 0.4384, 0.4771, 0.4199, 0.4678, 0.3689, 0.4608, 0.4861, 0.4064, 0.5126, 0.3654, 0.4175, 0.4815, 0.4593, 0.4941, 0.4353, 0.4638, 0.4878, 0.4861, 0.4721, 0.4171, 0.4530]
Val_Loss: 0.571056, Val_Acc: 0.747573

Epoch #119, Train_Loss: [0.3817, 0.3940, 0.3339, 0.4630, 0.4546, 0.4098, 0.4862, 0.4261, 0.4310, 0.4254, 0.4405, 0.5129, 0.4116, 0.4128, 0.4414, 0.4621, 0.4505, 0.4897, 0.4818, 0.4393, 0.4213, 0.4933, 0.4651, 0.4704, 0.5073, 0.4947]
Val_Loss: 0.571990, Val_Acc: 0.716019

Epoch #120, Train_Loss: [0.3469, 0.4203, 0.4411, 0.4809, 0.4101, 0.3855, 0.4374, 0.4840, 0.5103, 0.4741, 0.4727, 0.3708, 0.4626, 0.4781, 0.4938, 0.4125, 0.5106, 0.4110, 0.4379, 0.5245, 0.4733, 0.4860, 0.5342, 0.4229, 0.4673, 0.5043]
Val_Loss: 0.574490, Val_Acc: 0.728155

Epoch #121, Train_Loss: [0.4722, 0.4123, 0.5357, 0.4891, 0.4431, 0.5060, 0.4667, 0.3952, 0.4408, 0.4580, 0.4065, 0.4718, 0.3973, 0.4414, 0.4327, 0.3489, 0.4478, 0.4064, 0.3724, 0.3842, 0.4782, 0.5882, 0.4834, 0.4195, 0.4660, 0.4569]
Val_Loss: 0.596421, Val_Acc: 0.725728

Epoch #122, Train_Loss: [0.5103, 0.4537, 0.4365, 0.4207, 0.4399, 0.4203, 0.4323, 0.4493, 0.4281, 0.5056, 0.5078, 0.5143, 0.5308, 0.5283, 0.4278, 0.3892, 0.4453, 0.4235, 0.4468, 0.4146, 0.3711, 0.4578, 0.4023, 0.4663, 0.3573, 0.3878]
Val_Loss: 0.600826, Val_Acc: 0.747573

Epoch #123, Train_Loss: [0.4052, 0.4021, 0.3651, 0.4114, 0.4266, 0.4253, 0.3839, 0.4671, 0.4205, 0.5528, 0.4855, 0.4983, 0.5277, 0.4704, 0.4399, 0.4716, 0.4991, 0.3852, 0.4230, 0.5207, 0.5063, 0.4178, 0.4543, 0.4801, 0.4889, 0.5738]
Val_Loss: 0.562947, Val_Acc: 0.747573

Epoch #124, Train_Loss: [0.4319, 0.3479, 0.4015, 0.4103, 0.5516, 0.4009, 0.5045, 0.4048, 0.4799, 0.5080, 0.4327, 0.5000, 0.4186, 0.5386, 0.4017, 0.4422, 0.4298, 0.4882, 0.4069, 0.4297, 0.3549, 0.4566, 0.4016, 0.5087, 0.4177, 0.4189]
Val_Loss: 0.582552, Val_Acc: 0.757282

Epoch #125, Train_Loss: [0.4548, 0.4189, 0.4532, 0.5189, 0.5487, 0.4134, 0.4369, 0.4326, 0.4517, 0.3854, 0.4423, 0.3763, 0.4601, 0.4255, 0.3826, 0.4275, 0.5406, 0.4621, 0.4740, 0.3983, 0.4338, 0.5009, 0.4508, 0.4692, 0.3759, 0.4126]
Val_Loss: 0.564416, Val_Acc: 0.728155

Epoch #126, Train_Loss: [0.4326, 0.4680, 0.3489, 0.4806, 0.3964, 0.4701, 0.3278, 0.4186, 0.3764, 0.3450, 0.5145, 0.4923, 0.5271, 0.4378, 0.5095, 0.4688, 0.4659, 0.3772, 0.4229, 0.4262, 0.4321, 0.3485, 0.4720, 0.4752, 0.4631, 0.4794]
Val_Loss: 0.583262, Val_Acc: 0.730583

Epoch #127, Train_Loss: [0.4557, 0.3759, 0.5141, 0.4403, 0.4908, 0.4375, 0.4780, 0.4231, 0.4797, 0.3925, 0.4463, 0.4942, 0.3659, 0.4584, 0.4772, 0.5018, 0.4856, 0.4280, 0.4206, 0.4149, 0.3926, 0.3624, 0.4741, 0.4133, 0.4222, 0.3714]
Val_Loss: 0.579365, Val_Acc: 0.740291

Epoch #128, Train_Loss: [0.3640, 0.4278, 0.4225, 0.4093, 0.4866, 0.3658, 0.4000, 0.4216, 0.4757, 0.3679, 0.3968, 0.4177, 0.4208, 0.3683, 0.4140, 0.3510, 0.4180, 0.5020, 0.4317, 0.4673, 0.4331, 0.4164, 0.5462, 0.4281, 0.5312, 0.4651]
Val_Loss: 0.568823, Val_Acc: 0.759709

Epoch #129, Train_Loss: [0.4532, 0.4427, 0.4046, 0.4668, 0.4273, 0.4215, 0.3980, 0.5254, 0.4502, 0.4699, 0.3800, 0.4116, 0.4529, 0.3795, 0.4892, 0.3972, 0.4937, 0.4212, 0.4744, 0.4267, 0.4616, 0.4865, 0.3680, 0.4605, 0.4284, 0.5173]
Val_Loss: 0.574101, Val_Acc: 0.747573

Epoch #130, Train_Loss: [0.3515, 0.4734, 0.4296, 0.4446, 0.4597, 0.4565, 0.4858, 0.4477, 0.4378, 0.4060, 0.3611, 0.4179, 0.4301, 0.4674, 0.4414, 0.4490, 0.4614, 0.3650, 0.4489, 0.3623, 0.5561, 0.3919, 0.3816, 0.3855, 0.4142, 0.5135]
Val_Loss: 0.590883, Val_Acc: 0.737864

Epoch #131, Train_Loss: [0.4215, 0.4270, 0.3551, 0.4669, 0.5053, 0.5032, 0.4180, 0.3860, 0.3973, 0.3540, 0.4966, 0.3751, 0.4739, 0.3932, 0.4631, 0.4652, 0.4675, 0.3856, 0.4364, 0.4442, 0.4415, 0.5591, 0.3477, 0.4346, 0.4118, 0.4233]
Val_Loss: 0.587991, Val_Acc: 0.730583

Epoch #132, Train_Loss: [0.4734, 0.3490, 0.3952, 0.3799, 0.5071, 0.4545, 0.4440, 0.4659, 0.5374, 0.3958, 0.4368, 0.4288, 0.4303, 0.4427, 0.4341, 0.3661, 0.4169, 0.3968, 0.4253, 0.4032, 0.3846, 0.4109, 0.5385, 0.4923, 0.3411, 0.4513]
Val_Loss: 0.619328, Val_Acc: 0.723301

Epoch #133, Train_Loss: [0.4578, 0.4131, 0.3686, 0.3833, 0.4320, 0.4008, 0.4597, 0.4399, 0.4275, 0.4966, 0.5230, 0.4340, 0.4581, 0.4495, 0.3244, 0.4284, 0.4829, 0.4012, 0.4837, 0.4481, 0.4285, 0.4275, 0.4915, 0.5330, 0.4001, 0.5131]
Val_Loss: 0.581688, Val_Acc: 0.750000

Epoch #134, Train_Loss: [0.5390, 0.4314, 0.3851, 0.4090, 0.4605, 0.4123, 0.4529, 0.4184, 0.4200, 0.4971, 0.3990, 0.3944, 0.4640, 0.4788, 0.3978, 0.3897, 0.4250, 0.4256, 0.4741, 0.4688, 0.3842, 0.4120, 0.3761, 0.4850, 0.4393, 0.4498]
Val_Loss: 0.603133, Val_Acc: 0.716019

Epoch #135, Train_Loss: [0.4434, 0.3802, 0.3944, 0.4643, 0.5236, 0.4949, 0.4194, 0.3743, 0.4665, 0.4603, 0.5339, 0.4515, 0.4352, 0.4344, 0.4190, 0.4828, 0.4021, 0.4390, 0.4148, 0.4306, 0.4755, 0.4409, 0.4554, 0.3742, 0.4544, 0.4478]
Val_Loss: 0.578744, Val_Acc: 0.740291

Epoch #136, Train_Loss: [0.3702, 0.4334, 0.4278, 0.4042, 0.3601, 0.4640, 0.3990, 0.4534, 0.4573, 0.4543, 0.3622, 0.4162, 0.4127, 0.4742, 0.5901, 0.4562, 0.4157, 0.4436, 0.4794, 0.4034, 0.4924, 0.3688, 0.4109, 0.5487, 0.4349, 0.4214]
Val_Loss: 0.591217, Val_Acc: 0.759709

********** TEST START **********
Reload Best Model
The current best model is saved in: ******** outputs/NCI109_Glo/model.pth *********
TEST :: Test_Acc: 0.739130
